2023-09-06 03:04:04,417 [Worker-5: Loading available Gradle versions] INFO  o.e.b.c.i.u.g.PublishedGradleVersions - Gradle version information cache is out-of-date. Trying to update.
2023-09-06 03:07:48,266 [Worker-15: Launching mavenrun-0a0accfb-f3b2-4f10-9a52-76bd2c9fc873] INFO  o.eclipse.m2e.core.internal.Bundles - getClasspathEntries(Bundle=org.eclipse.m2e.maven.runtime_3.8.701.20230209-1606 [610])
2023-09-06 03:07:48,287 [Worker-15: Launching mavenrun-0a0accfb-f3b2-4f10-9a52-76bd2c9fc873] INFO  o.eclipse.m2e.core.internal.Bundles - 	Entry: C:\Users\shivangib\Downloads\eclipse-jee-2023-03-R-win32-x86_64\eclipse\plugins\org.eclipse.m2e.maven.runtime_3.8.701.20230209-1606
2023-09-06 03:07:48,288 [Worker-15: Launching mavenrun-0a0accfb-f3b2-4f10-9a52-76bd2c9fc873] INFO  o.eclipse.m2e.core.internal.Bundles - 	Entry: C:\Users\shivangib\Downloads\eclipse-jee-2023-03-R-win32-x86_64\eclipse\plugins\org.eclipse.m2e.maven.runtime_3.8.701.20230209-1606\jars\aether-connector-okhttp-0.17.8.jar
2023-09-06 03:07:48,288 [Worker-15: Launching mavenrun-0a0accfb-f3b2-4f10-9a52-76bd2c9fc873] INFO  o.eclipse.m2e.core.internal.Bundles - 	Entry: C:\Users\shivangib\Downloads\eclipse-jee-2023-03-R-win32-x86_64\eclipse\plugins\org.eclipse.m2e.maven.runtime_3.8.701.20230209-1606\jars\commons-lang3-3.8.1.jar
2023-09-06 03:07:48,288 [Worker-15: Launching mavenrun-0a0accfb-f3b2-4f10-9a52-76bd2c9fc873] INFO  o.eclipse.m2e.core.internal.Bundles - 	Entry: C:\Users\shivangib\Downloads\eclipse-jee-2023-03-R-win32-x86_64\eclipse\plugins\org.eclipse.m2e.maven.runtime_3.8.701.20230209-1606\jars\guice-4.2.2-no_aop.jar
2023-09-06 03:07:48,289 [Worker-15: Launching mavenrun-0a0accfb-f3b2-4f10-9a52-76bd2c9fc873] INFO  o.eclipse.m2e.core.internal.Bundles - 	Entry: C:\Users\shivangib\Downloads\eclipse-jee-2023-03-R-win32-x86_64\eclipse\plugins\org.eclipse.m2e.maven.runtime_3.8.701.20230209-1606\jars\jansi-2.4.0.jar
2023-09-06 03:07:48,289 [Worker-15: Launching mavenrun-0a0accfb-f3b2-4f10-9a52-76bd2c9fc873] INFO  o.eclipse.m2e.core.internal.Bundles - 	Entry: C:\Users\shivangib\Downloads\eclipse-jee-2023-03-R-win32-x86_64\eclipse\plugins\org.eclipse.m2e.maven.runtime_3.8.701.20230209-1606\jars\maven-artifact-3.8.7.jar
2023-09-06 03:07:48,289 [Worker-15: Launching mavenrun-0a0accfb-f3b2-4f10-9a52-76bd2c9fc873] INFO  o.eclipse.m2e.core.internal.Bundles - 	Entry: C:\Users\shivangib\Downloads\eclipse-jee-2023-03-R-win32-x86_64\eclipse\plugins\org.eclipse.m2e.maven.runtime_3.8.701.20230209-1606\jars\maven-builder-support-3.8.7.jar
2023-09-06 03:07:48,289 [Worker-15: Launching mavenrun-0a0accfb-f3b2-4f10-9a52-76bd2c9fc873] INFO  o.eclipse.m2e.core.internal.Bundles - 	Entry: C:\Users\shivangib\Downloads\eclipse-jee-2023-03-R-win32-x86_64\eclipse\plugins\org.eclipse.m2e.maven.runtime_3.8.701.20230209-1606\jars\maven-compat-3.8.7.jar
2023-09-06 03:07:48,289 [Worker-15: Launching mavenrun-0a0accfb-f3b2-4f10-9a52-76bd2c9fc873] INFO  o.eclipse.m2e.core.internal.Bundles - 	Entry: C:\Users\shivangib\Downloads\eclipse-jee-2023-03-R-win32-x86_64\eclipse\plugins\org.eclipse.m2e.maven.runtime_3.8.701.20230209-1606\jars\maven-core-3.8.7.jar
2023-09-06 03:07:48,289 [Worker-15: Launching mavenrun-0a0accfb-f3b2-4f10-9a52-76bd2c9fc873] INFO  o.eclipse.m2e.core.internal.Bundles - 	Entry: C:\Users\shivangib\Downloads\eclipse-jee-2023-03-R-win32-x86_64\eclipse\plugins\org.eclipse.m2e.maven.runtime_3.8.701.20230209-1606\jars\maven-embedder-3.8.7.jar
2023-09-06 03:07:48,289 [Worker-15: Launching mavenrun-0a0accfb-f3b2-4f10-9a52-76bd2c9fc873] INFO  o.eclipse.m2e.core.internal.Bundles - 	Entry: C:\Users\shivangib\Downloads\eclipse-jee-2023-03-R-win32-x86_64\eclipse\plugins\org.eclipse.m2e.maven.runtime_3.8.701.20230209-1606\jars\maven-model-3.8.7.jar
2023-09-06 03:07:48,289 [Worker-15: Launching mavenrun-0a0accfb-f3b2-4f10-9a52-76bd2c9fc873] INFO  o.eclipse.m2e.core.internal.Bundles - 	Entry: C:\Users\shivangib\Downloads\eclipse-jee-2023-03-R-win32-x86_64\eclipse\plugins\org.eclipse.m2e.maven.runtime_3.8.701.20230209-1606\jars\maven-model-builder-3.8.7.jar
2023-09-06 03:07:48,289 [Worker-15: Launching mavenrun-0a0accfb-f3b2-4f10-9a52-76bd2c9fc873] INFO  o.eclipse.m2e.core.internal.Bundles - 	Entry: C:\Users\shivangib\Downloads\eclipse-jee-2023-03-R-win32-x86_64\eclipse\plugins\org.eclipse.m2e.maven.runtime_3.8.701.20230209-1606\jars\maven-plugin-api-3.8.7.jar
2023-09-06 03:07:48,290 [Worker-15: Launching mavenrun-0a0accfb-f3b2-4f10-9a52-76bd2c9fc873] INFO  o.eclipse.m2e.core.internal.Bundles - 	Entry: C:\Users\shivangib\Downloads\eclipse-jee-2023-03-R-win32-x86_64\eclipse\plugins\org.eclipse.m2e.maven.runtime_3.8.701.20230209-1606\jars\maven-repository-metadata-3.8.7.jar
2023-09-06 03:07:48,290 [Worker-15: Launching mavenrun-0a0accfb-f3b2-4f10-9a52-76bd2c9fc873] INFO  o.eclipse.m2e.core.internal.Bundles - 	Entry: C:\Users\shivangib\Downloads\eclipse-jee-2023-03-R-win32-x86_64\eclipse\plugins\org.eclipse.m2e.maven.runtime_3.8.701.20230209-1606\jars\maven-resolver-api-1.6.3.jar
2023-09-06 03:07:48,290 [Worker-15: Launching mavenrun-0a0accfb-f3b2-4f10-9a52-76bd2c9fc873] INFO  o.eclipse.m2e.core.internal.Bundles - 	Entry: C:\Users\shivangib\Downloads\eclipse-jee-2023-03-R-win32-x86_64\eclipse\plugins\org.eclipse.m2e.maven.runtime_3.8.701.20230209-1606\jars\maven-resolver-connector-basic-1.6.3.jar
2023-09-06 03:07:48,290 [Worker-15: Launching mavenrun-0a0accfb-f3b2-4f10-9a52-76bd2c9fc873] INFO  o.eclipse.m2e.core.internal.Bundles - 	Entry: C:\Users\shivangib\Downloads\eclipse-jee-2023-03-R-win32-x86_64\eclipse\plugins\org.eclipse.m2e.maven.runtime_3.8.701.20230209-1606\jars\maven-resolver-impl-1.6.3.jar
2023-09-06 03:07:48,290 [Worker-15: Launching mavenrun-0a0accfb-f3b2-4f10-9a52-76bd2c9fc873] INFO  o.eclipse.m2e.core.internal.Bundles - 	Entry: C:\Users\shivangib\Downloads\eclipse-jee-2023-03-R-win32-x86_64\eclipse\plugins\org.eclipse.m2e.maven.runtime_3.8.701.20230209-1606\jars\maven-resolver-provider-3.8.7.jar
2023-09-06 03:07:48,291 [Worker-15: Launching mavenrun-0a0accfb-f3b2-4f10-9a52-76bd2c9fc873] INFO  o.eclipse.m2e.core.internal.Bundles - 	Entry: C:\Users\shivangib\Downloads\eclipse-jee-2023-03-R-win32-x86_64\eclipse\plugins\org.eclipse.m2e.maven.runtime_3.8.701.20230209-1606\jars\maven-resolver-spi-1.6.3.jar
2023-09-06 03:07:48,291 [Worker-15: Launching mavenrun-0a0accfb-f3b2-4f10-9a52-76bd2c9fc873] INFO  o.eclipse.m2e.core.internal.Bundles - 	Entry: C:\Users\shivangib\Downloads\eclipse-jee-2023-03-R-win32-x86_64\eclipse\plugins\org.eclipse.m2e.maven.runtime_3.8.701.20230209-1606\jars\maven-resolver-transport-wagon-1.6.3.jar
2023-09-06 03:07:48,291 [Worker-15: Launching mavenrun-0a0accfb-f3b2-4f10-9a52-76bd2c9fc873] INFO  o.eclipse.m2e.core.internal.Bundles - 	Entry: C:\Users\shivangib\Downloads\eclipse-jee-2023-03-R-win32-x86_64\eclipse\plugins\org.eclipse.m2e.maven.runtime_3.8.701.20230209-1606\jars\maven-resolver-util-1.6.3.jar
2023-09-06 03:07:48,291 [Worker-15: Launching mavenrun-0a0accfb-f3b2-4f10-9a52-76bd2c9fc873] INFO  o.eclipse.m2e.core.internal.Bundles - 	Entry: C:\Users\shivangib\Downloads\eclipse-jee-2023-03-R-win32-x86_64\eclipse\plugins\org.eclipse.m2e.maven.runtime_3.8.701.20230209-1606\jars\maven-settings-3.8.7.jar
2023-09-06 03:07:48,291 [Worker-15: Launching mavenrun-0a0accfb-f3b2-4f10-9a52-76bd2c9fc873] INFO  o.eclipse.m2e.core.internal.Bundles - 	Entry: C:\Users\shivangib\Downloads\eclipse-jee-2023-03-R-win32-x86_64\eclipse\plugins\org.eclipse.m2e.maven.runtime_3.8.701.20230209-1606\jars\maven-settings-builder-3.8.7.jar
2023-09-06 03:07:48,291 [Worker-15: Launching mavenrun-0a0accfb-f3b2-4f10-9a52-76bd2c9fc873] INFO  o.eclipse.m2e.core.internal.Bundles - 	Entry: C:\Users\shivangib\Downloads\eclipse-jee-2023-03-R-win32-x86_64\eclipse\plugins\org.eclipse.m2e.maven.runtime_3.8.701.20230209-1606\jars\maven-shared-utils-3.3.4.jar
2023-09-06 03:07:48,291 [Worker-15: Launching mavenrun-0a0accfb-f3b2-4f10-9a52-76bd2c9fc873] INFO  o.eclipse.m2e.core.internal.Bundles - 	Entry: C:\Users\shivangib\Downloads\eclipse-jee-2023-03-R-win32-x86_64\eclipse\plugins\org.eclipse.m2e.maven.runtime_3.8.701.20230209-1606\jars\okhttp-3.14.1.jar
2023-09-06 03:07:48,291 [Worker-15: Launching mavenrun-0a0accfb-f3b2-4f10-9a52-76bd2c9fc873] INFO  o.eclipse.m2e.core.internal.Bundles - 	Entry: C:\Users\shivangib\Downloads\eclipse-jee-2023-03-R-win32-x86_64\eclipse\plugins\org.eclipse.m2e.maven.runtime_3.8.701.20230209-1606\jars\okio-1.17.3.jar
2023-09-06 03:07:48,292 [Worker-15: Launching mavenrun-0a0accfb-f3b2-4f10-9a52-76bd2c9fc873] INFO  o.eclipse.m2e.core.internal.Bundles - 	Entry: C:\Users\shivangib\Downloads\eclipse-jee-2023-03-R-win32-x86_64\eclipse\plugins\org.eclipse.m2e.maven.runtime_3.8.701.20230209-1606\jars\org.eclipse.sisu.inject-0.3.5.jar
2023-09-06 03:07:48,292 [Worker-15: Launching mavenrun-0a0accfb-f3b2-4f10-9a52-76bd2c9fc873] INFO  o.eclipse.m2e.core.internal.Bundles - 	Entry: C:\Users\shivangib\Downloads\eclipse-jee-2023-03-R-win32-x86_64\eclipse\plugins\org.eclipse.m2e.maven.runtime_3.8.701.20230209-1606\jars\org.eclipse.sisu.plexus-0.3.5.jar
2023-09-06 03:07:48,292 [Worker-15: Launching mavenrun-0a0accfb-f3b2-4f10-9a52-76bd2c9fc873] INFO  o.eclipse.m2e.core.internal.Bundles - 	Entry: C:\Users\shivangib\Downloads\eclipse-jee-2023-03-R-win32-x86_64\eclipse\plugins\org.eclipse.m2e.maven.runtime_3.8.701.20230209-1606\jars\plexus-build-api-0.0.7.jar
2023-09-06 03:07:48,292 [Worker-15: Launching mavenrun-0a0accfb-f3b2-4f10-9a52-76bd2c9fc873] INFO  o.eclipse.m2e.core.internal.Bundles - 	Entry: C:\Users\shivangib\Downloads\eclipse-jee-2023-03-R-win32-x86_64\eclipse\plugins\org.eclipse.m2e.maven.runtime_3.8.701.20230209-1606\jars\plexus-cipher-2.0.jar
2023-09-06 03:07:48,292 [Worker-15: Launching mavenrun-0a0accfb-f3b2-4f10-9a52-76bd2c9fc873] INFO  o.eclipse.m2e.core.internal.Bundles - 	Entry: C:\Users\shivangib\Downloads\eclipse-jee-2023-03-R-win32-x86_64\eclipse\plugins\org.eclipse.m2e.maven.runtime_3.8.701.20230209-1606\jars\plexus-classworlds-2.6.0.jar
2023-09-06 03:07:48,292 [Worker-15: Launching mavenrun-0a0accfb-f3b2-4f10-9a52-76bd2c9fc873] INFO  o.eclipse.m2e.core.internal.Bundles - 	Entry: C:\Users\shivangib\Downloads\eclipse-jee-2023-03-R-win32-x86_64\eclipse\plugins\org.eclipse.m2e.maven.runtime_3.8.701.20230209-1606\jars\plexus-component-annotations-2.1.0.jar
2023-09-06 03:07:48,292 [Worker-15: Launching mavenrun-0a0accfb-f3b2-4f10-9a52-76bd2c9fc873] INFO  o.eclipse.m2e.core.internal.Bundles - 	Entry: C:\Users\shivangib\Downloads\eclipse-jee-2023-03-R-win32-x86_64\eclipse\plugins\org.eclipse.m2e.maven.runtime_3.8.701.20230209-1606\jars\plexus-interpolation-1.26.jar
2023-09-06 03:07:48,293 [Worker-15: Launching mavenrun-0a0accfb-f3b2-4f10-9a52-76bd2c9fc873] INFO  o.eclipse.m2e.core.internal.Bundles - 	Entry: C:\Users\shivangib\Downloads\eclipse-jee-2023-03-R-win32-x86_64\eclipse\plugins\org.eclipse.m2e.maven.runtime_3.8.701.20230209-1606\jars\plexus-sec-dispatcher-2.0.jar
2023-09-06 03:07:48,293 [Worker-15: Launching mavenrun-0a0accfb-f3b2-4f10-9a52-76bd2c9fc873] INFO  o.eclipse.m2e.core.internal.Bundles - 	Entry: C:\Users\shivangib\Downloads\eclipse-jee-2023-03-R-win32-x86_64\eclipse\plugins\org.eclipse.m2e.maven.runtime_3.8.701.20230209-1606\jars\plexus-utils-3.3.1.jar
2023-09-06 03:07:48,293 [Worker-15: Launching mavenrun-0a0accfb-f3b2-4f10-9a52-76bd2c9fc873] INFO  o.eclipse.m2e.core.internal.Bundles - 	Entry: C:\Users\shivangib\Downloads\eclipse-jee-2023-03-R-win32-x86_64\eclipse\plugins\org.eclipse.m2e.maven.runtime_3.8.701.20230209-1606\jars\wagon-file-3.5.3.jar
2023-09-06 03:07:48,293 [Worker-15: Launching mavenrun-0a0accfb-f3b2-4f10-9a52-76bd2c9fc873] INFO  o.eclipse.m2e.core.internal.Bundles - 	Entry: C:\Users\shivangib\Downloads\eclipse-jee-2023-03-R-win32-x86_64\eclipse\plugins\org.eclipse.m2e.maven.runtime_3.8.701.20230209-1606\jars\wagon-provider-api-3.5.3.jar
2023-09-06 03:07:48,295 [Worker-15: Launching mavenrun-0a0accfb-f3b2-4f10-9a52-76bd2c9fc873] INFO  o.eclipse.m2e.core.internal.Bundles - getClasspathEntries(Bundle=com.google.guava_31.1.0.jre [11])
2023-09-06 03:07:48,295 [Worker-15: Launching mavenrun-0a0accfb-f3b2-4f10-9a52-76bd2c9fc873] INFO  o.eclipse.m2e.core.internal.Bundles - 	Entry: C:\Users\shivangib\Downloads\eclipse-jee-2023-03-R-win32-x86_64\eclipse\plugins\com.google.guava_31.1.0.jre.jar
2023-09-06 03:07:48,296 [Worker-15: Launching mavenrun-0a0accfb-f3b2-4f10-9a52-76bd2c9fc873] INFO  o.eclipse.m2e.core.internal.Bundles - getClasspathEntries(Bundle=slf4j.api_1.7.36 [924])
2023-09-06 03:07:48,297 [Worker-15: Launching mavenrun-0a0accfb-f3b2-4f10-9a52-76bd2c9fc873] INFO  o.eclipse.m2e.core.internal.Bundles - 	Entry: C:\Users\shivangib\Downloads\eclipse-jee-2023-03-R-win32-x86_64\eclipse\plugins\slf4j.api_1.7.36.jar
2023-09-06 03:07:48,297 [Worker-15: Launching mavenrun-0a0accfb-f3b2-4f10-9a52-76bd2c9fc873] INFO  o.eclipse.m2e.core.internal.Bundles - getClasspathEntries(Bundle=javax.inject_1.0.0.v20220405-0441 [35])
2023-09-06 03:07:48,299 [Worker-15: Launching mavenrun-0a0accfb-f3b2-4f10-9a52-76bd2c9fc873] INFO  o.eclipse.m2e.core.internal.Bundles - 	Entry: C:\Users\shivangib\Downloads\eclipse-jee-2023-03-R-win32-x86_64\eclipse\plugins\javax.inject_1.0.0.v20220405-0441.jar
2023-09-06 03:07:48,299 [Worker-15: Launching mavenrun-0a0accfb-f3b2-4f10-9a52-76bd2c9fc873] INFO  o.eclipse.m2e.core.internal.Bundles - getClasspathEntries(Bundle=javax.annotation_1.3.5.v20221203-1659 [33])
2023-09-06 03:07:48,300 [Worker-15: Launching mavenrun-0a0accfb-f3b2-4f10-9a52-76bd2c9fc873] INFO  o.eclipse.m2e.core.internal.Bundles - 	Entry: C:\Users\shivangib\Downloads\eclipse-jee-2023-03-R-win32-x86_64\eclipse\plugins\javax.annotation_1.3.5.v20221203-1659.jar
2023-09-06 03:07:48,300 [Worker-15: Launching mavenrun-0a0accfb-f3b2-4f10-9a52-76bd2c9fc873] INFO  o.eclipse.m2e.core.internal.Bundles - getClasspathEntries(Bundle=org.apache.commons.cli_1.4.0.v20221112-0806 [67])
2023-09-06 03:07:48,301 [Worker-15: Launching mavenrun-0a0accfb-f3b2-4f10-9a52-76bd2c9fc873] INFO  o.eclipse.m2e.core.internal.Bundles - 	Entry: C:\Users\shivangib\Downloads\eclipse-jee-2023-03-R-win32-x86_64\eclipse\plugins\org.apache.commons.cli_1.4.0.v20221112-0806.jar
2023-09-06 03:07:48,301 [Worker-15: Launching mavenrun-0a0accfb-f3b2-4f10-9a52-76bd2c9fc873] INFO  o.eclipse.m2e.core.internal.Bundles - getClasspathEntries(Bundle=com.google.guava.failureaccess_1.0.1 [13])
2023-09-06 03:07:48,302 [Worker-15: Launching mavenrun-0a0accfb-f3b2-4f10-9a52-76bd2c9fc873] INFO  o.eclipse.m2e.core.internal.Bundles - 	Entry: C:\Users\shivangib\Downloads\eclipse-jee-2023-03-R-win32-x86_64\eclipse\plugins\com.google.guava.failureaccess_1.0.1.jar
2023-09-06 03:07:48,310 [Worker-15: Launching mavenrun-0a0accfb-f3b2-4f10-9a52-76bd2c9fc873] INFO  o.e.m.i.launch.MavenLaunchDelegate - Run build in "C:\Users\SHIVAN~1\AppData\Local\Temp\m2e-archetypeGenerator8480779616828407397":
2023-09-06 03:07:48,314 [Worker-15: Launching mavenrun-0a0accfb-f3b2-4f10-9a52-76bd2c9fc873] INFO  o.e.m.i.launch.MavenLaunchDelegate -  mvn  -DarchetypeGroupId=de.bripkens -DarchetypeArtifactId=java-quickstart -DarchetypeVersion=0.2.0 -DgroupId=infinite -DartifactId=JdbcExample -Dversion=0.0.1-SNAPSHOT -Dpackage=com.java.jdbc -DoutputDirectory=D:\InfiniteTraining\Day11_1 -Dstyle.color=always -U archetype:generate
2023-09-06 03:08:28,121 [Worker-11: Creating java-quickstart] INFO  o.e.m.c.i.p.ProjectConfigurationManager - Collecting project info '/pom.xml' D:\InfiniteTraining\Day11_1\JdbcExample\pom.xml
2023-09-06 03:08:32,412 [Worker-11: Creating java-quickstart] INFO  o.e.m.c.i.l.LifecycleMappingFactory - Using org.eclipse.m2e.jdt.JarLifecycleMapping lifecycle mapping for MavenProject: infinite:JdbcExample:0.0.1-SNAPSHOT @ D:\InfiniteTraining\Day11_1\JdbcExample\pom.xml.
2023-09-06 03:08:34,038 [Worker-11: Creating java-quickstart] INFO  o.e.m.j.i.AbstractJavaProjectConfigurator - Adding source folder /JdbcExample/src/main/java
2023-09-06 03:08:34,050 [Worker-11: Creating java-quickstart] INFO  o.e.m.j.i.AbstractJavaProjectConfigurator - Adding source folder /JdbcExample/src/test/java
2023-09-06 03:08:34,509 [Worker-11: Creating java-quickstart] INFO  o.e.m.c.i.p.ProjectConfigurationManager - Imported and configured 1 project(s) in 6 sec
2023-09-06 03:08:35,212 [Worker-24: Building] INFO  o.e.m.c.i.embedder.EclipseLogger - Using 'UTF-8' encoding to copy filtered resources.
2023-09-06 03:08:35,213 [Worker-24: Building] INFO  o.e.m.c.i.embedder.EclipseLogger - skip non existing resourceDirectory D:\InfiniteTraining\Day11_1\JdbcExample\src\main\resources
2023-09-06 03:08:35,215 [Worker-24: Building] INFO  o.e.m.c.i.embedder.EclipseLogger - Using 'UTF-8' encoding to copy filtered resources.
2023-09-06 03:08:35,215 [Worker-24: Building] INFO  o.e.m.c.i.embedder.EclipseLogger - skip non existing resourceDirectory D:\InfiniteTraining\Day11_1\JdbcExample\src\test\resources
2023-09-06 03:09:48,753 [Worker-26: Building] INFO  o.e.m.c.i.l.LifecycleMappingFactory - Using org.eclipse.m2e.jdt.JarLifecycleMapping lifecycle mapping for MavenProject: infinite:JdbcExample:0.0.1-SNAPSHOT @ D:\InfiniteTraining\Day11_1\JdbcExample\pom.xml.
2023-09-06 03:09:48,904 [Worker-26: Building] INFO  o.e.m.c.i.embedder.EclipseLogger - Using 'UTF-8' encoding to copy filtered resources.
2023-09-06 03:09:48,905 [Worker-26: Building] INFO  o.e.m.c.i.embedder.EclipseLogger - skip non existing resourceDirectory D:\InfiniteTraining\Day11_1\JdbcExample\src\main\resources
2023-09-06 03:09:48,907 [Worker-26: Building] INFO  o.e.m.c.i.embedder.EclipseLogger - Using 'UTF-8' encoding to copy filtered resources.
2023-09-06 03:09:48,908 [Worker-26: Building] INFO  o.e.m.c.i.embedder.EclipseLogger - skip non existing resourceDirectory D:\InfiniteTraining\Day11_1\JdbcExample\src\test\resources
2023-09-06 03:09:50,015 [Worker-24: Download sources and javadoc] INFO  o.e.m.c.i.e.AbstractTransferListenerAdapter - Downloading https://repo.maven.apache.org/maven2/mysql/mysql-connector-java/8.0.30/mysql-connector-java-8.0.30-sources.jar
2023-09-06 03:09:50,336 [Worker-24: Download sources and javadoc] INFO  o.e.m.c.i.e.AbstractTransferListenerAdapter - Downloaded https://repo.maven.apache.org/maven2/mysql/mysql-connector-java/8.0.30/mysql-connector-java-8.0.30-sources.jar
2023-09-06 03:09:50,342 [Worker-24: Download sources and javadoc] INFO  o.e.m.j.internal.DownloadSourcesJob - Downloaded sources for mysql:mysql-connector-java:8.0.30
2023-09-06 03:09:50,492 [Worker-24: Download sources and javadoc] INFO  o.e.m.c.i.e.AbstractTransferListenerAdapter - Downloading https://repo.maven.apache.org/maven2/com/google/protobuf/protobuf-java/3.19.4/protobuf-java-3.19.4-sources.jar
2023-09-06 03:09:50,633 [Worker-24: Download sources and javadoc] INFO  o.e.m.c.i.e.AbstractTransferListenerAdapter - Downloaded https://repo.maven.apache.org/maven2/com/google/protobuf/protobuf-java/3.19.4/protobuf-java-3.19.4-sources.jar
2023-09-06 03:09:50,655 [Worker-24: Download sources and javadoc] INFO  o.e.m.j.internal.DownloadSourcesJob - Downloaded sources for com.google.protobuf:protobuf-java:3.19.4
2023-09-06 03:21:10,432 [Worker-26: Building] INFO  o.e.m.c.i.embedder.EclipseLogger - Using 'UTF-8' encoding to copy filtered resources.
2023-09-06 03:21:10,432 [Worker-26: Building] INFO  o.e.m.c.i.embedder.EclipseLogger - skip non existing resourceDirectory D:\InfiniteTraining\Day11_1\JdbcExample\src\main\resources
2023-09-06 03:21:10,434 [Worker-26: Building] INFO  o.e.m.c.i.embedder.EclipseLogger - Using 'UTF-8' encoding to copy filtered resources.
2023-09-06 03:21:10,434 [Worker-26: Building] INFO  o.e.m.c.i.embedder.EclipseLogger - skip non existing resourceDirectory D:\InfiniteTraining\Day11_1\JdbcExample\src\test\resources
2023-09-06 03:22:38,545 [Worker-28: Building] INFO  o.e.m.c.i.embedder.EclipseLogger - Using 'UTF-8' encoding to copy filtered resources.
2023-09-06 03:22:38,545 [Worker-28: Building] INFO  o.e.m.c.i.embedder.EclipseLogger - skip non existing resourceDirectory D:\InfiniteTraining\Day11_1\JdbcExample\src\main\resources
2023-09-06 03:22:38,548 [Worker-28: Building] INFO  o.e.m.c.i.embedder.EclipseLogger - Using 'UTF-8' encoding to copy filtered resources.
2023-09-06 03:22:38,548 [Worker-28: Building] INFO  o.e.m.c.i.embedder.EclipseLogger - skip non existing resourceDirectory D:\InfiniteTraining\Day11_1\JdbcExample\src\test\resources
2023-09-06 03:26:27,419 [Worker-31: Building] INFO  o.e.m.c.i.embedder.EclipseLogger - Using 'UTF-8' encoding to copy filtered resources.
2023-09-06 03:26:27,420 [Worker-31: Building] INFO  o.e.m.c.i.embedder.EclipseLogger - skip non existing resourceDirectory D:\InfiniteTraining\Day11_1\JdbcExample\src\main\resources
2023-09-06 03:26:27,422 [Worker-31: Building] INFO  o.e.m.c.i.embedder.EclipseLogger - Using 'UTF-8' encoding to copy filtered resources.
2023-09-06 03:26:27,422 [Worker-31: Building] INFO  o.e.m.c.i.embedder.EclipseLogger - skip non existing resourceDirectory D:\InfiniteTraining\Day11_1\JdbcExample\src\test\resources
2023-09-06 03:26:50,220 [Worker-31: Building] INFO  o.e.m.c.i.embedder.EclipseLogger - Using 'UTF-8' encoding to copy filtered resources.
2023-09-06 03:26:50,220 [Worker-31: Building] INFO  o.e.m.c.i.embedder.EclipseLogger - skip non existing resourceDirectory D:\InfiniteTraining\Day11_1\JdbcExample\src\main\resources
2023-09-06 03:26:50,222 [Worker-31: Building] INFO  o.e.m.c.i.embedder.EclipseLogger - Using 'UTF-8' encoding to copy filtered resources.
2023-09-06 03:26:50,222 [Worker-31: Building] INFO  o.e.m.c.i.embedder.EclipseLogger - skip non existing resourceDirectory D:\InfiniteTraining\Day11_1\JdbcExample\src\test\resources
2023-09-06 03:27:44,368 [Worker-31: Building] INFO  o.e.m.c.i.embedder.EclipseLogger - Using 'UTF-8' encoding to copy filtered resources.
2023-09-06 03:27:44,369 [Worker-31: Building] INFO  o.e.m.c.i.embedder.EclipseLogger - skip non existing resourceDirectory D:\InfiniteTraining\Day11_1\JdbcExample\src\main\resources
2023-09-06 03:27:44,370 [Worker-31: Building] INFO  o.e.m.c.i.embedder.EclipseLogger - Using 'UTF-8' encoding to copy filtered resources.
2023-09-06 03:27:44,370 [Worker-31: Building] INFO  o.e.m.c.i.embedder.EclipseLogger - skip non existing resourceDirectory D:\InfiniteTraining\Day11_1\JdbcExample\src\test\resources
2023-09-06 04:03:08,832 [Worker-36: Building] INFO  o.e.m.c.i.embedder.EclipseLogger - Using 'UTF-8' encoding to copy filtered resources.
2023-09-06 04:03:08,832 [Worker-36: Building] INFO  o.e.m.c.i.embedder.EclipseLogger - skip non existing resourceDirectory D:\InfiniteTraining\Day11_1\JdbcExample\src\main\resources
2023-09-06 04:03:08,834 [Worker-36: Building] INFO  o.e.m.c.i.embedder.EclipseLogger - Using 'UTF-8' encoding to copy filtered resources.
2023-09-06 04:03:08,834 [Worker-36: Building] INFO  o.e.m.c.i.embedder.EclipseLogger - skip non existing resourceDirectory D:\InfiniteTraining\Day11_1\JdbcExample\src\test\resources
2023-09-06 04:10:28,890 [Worker-42: Building] INFO  o.e.m.c.i.embedder.EclipseLogger - Using 'UTF-8' encoding to copy filtered resources.
2023-09-06 04:10:28,891 [Worker-42: Building] INFO  o.e.m.c.i.embedder.EclipseLogger - skip non existing resourceDirectory D:\InfiniteTraining\Day11_1\JdbcExample\src\main\resources
2023-09-06 04:10:28,893 [Worker-42: Building] INFO  o.e.m.c.i.embedder.EclipseLogger - Using 'UTF-8' encoding to copy filtered resources.
2023-09-06 04:10:28,893 [Worker-42: Building] INFO  o.e.m.c.i.embedder.EclipseLogger - skip non existing resourceDirectory D:\InfiniteTraining\Day11_1\JdbcExample\src\test\resources
2023-09-06 04:19:07,571 [Worker-36: Building] INFO  o.e.m.c.i.embedder.EclipseLogger - Using 'UTF-8' encoding to copy filtered resources.
2023-09-06 04:19:07,572 [Worker-36: Building] INFO  o.e.m.c.i.embedder.EclipseLogger - skip non existing resourceDirectory D:\InfiniteTraining\Day11_1\JdbcExample\src\main\resources
2023-09-06 04:19:07,574 [Worker-36: Building] INFO  o.e.m.c.i.embedder.EclipseLogger - Using 'UTF-8' encoding to copy filtered resources.
2023-09-06 04:19:07,574 [Worker-36: Building] INFO  o.e.m.c.i.embedder.EclipseLogger - skip non existing resourceDirectory D:\InfiniteTraining\Day11_1\JdbcExample\src\test\resources
2023-09-06 04:26:31,608 [Worker-48: Building] INFO  o.e.m.c.i.embedder.EclipseLogger - Using 'UTF-8' encoding to copy filtered resources.
2023-09-06 04:26:31,608 [Worker-48: Building] INFO  o.e.m.c.i.embedder.EclipseLogger - skip non existing resourceDirectory D:\InfiniteTraining\Day11_1\JdbcExample\src\main\resources
2023-09-06 04:26:31,609 [Worker-48: Building] INFO  o.e.m.c.i.embedder.EclipseLogger - Using 'UTF-8' encoding to copy filtered resources.
2023-09-06 04:26:31,609 [Worker-48: Building] INFO  o.e.m.c.i.embedder.EclipseLogger - skip non existing resourceDirectory D:\InfiniteTraining\Day11_1\JdbcExample\src\test\resources
2023-09-06 04:27:18,350 [Worker-47: Building] INFO  o.e.m.c.i.embedder.EclipseLogger - Using 'UTF-8' encoding to copy filtered resources.
2023-09-06 04:27:18,350 [Worker-47: Building] INFO  o.e.m.c.i.embedder.EclipseLogger - skip non existing resourceDirectory D:\InfiniteTraining\Day11_1\JdbcExample\src\main\resources
2023-09-06 04:27:18,351 [Worker-47: Building] INFO  o.e.m.c.i.embedder.EclipseLogger - Using 'UTF-8' encoding to copy filtered resources.
2023-09-06 04:27:18,352 [Worker-47: Building] INFO  o.e.m.c.i.embedder.EclipseLogger - skip non existing resourceDirectory D:\InfiniteTraining\Day11_1\JdbcExample\src\test\resources
2023-09-06 04:28:52,455 [Worker-51: Building] INFO  o.e.m.c.i.embedder.EclipseLogger - Using 'UTF-8' encoding to copy filtered resources.
2023-09-06 04:28:52,455 [Worker-51: Building] INFO  o.e.m.c.i.embedder.EclipseLogger - skip non existing resourceDirectory D:\InfiniteTraining\Day11_1\JdbcExample\src\main\resources
2023-09-06 04:28:52,457 [Worker-51: Building] INFO  o.e.m.c.i.embedder.EclipseLogger - Using 'UTF-8' encoding to copy filtered resources.
2023-09-06 04:28:52,458 [Worker-51: Building] INFO  o.e.m.c.i.embedder.EclipseLogger - skip non existing resourceDirectory D:\InfiniteTraining\Day11_1\JdbcExample\src\test\resources
2023-09-06 04:43:33,068 [Worker-1: Loading available Gradle versions] INFO  o.e.b.c.i.u.g.PublishedGradleVersions - Gradle version information cache is up-to-date. Trying to read.
2023-09-06 04:48:07,872 [Worker-25: Building] INFO  o.e.m.c.i.embedder.EclipseLogger - Using 'UTF-8' encoding to copy filtered resources.
2023-09-06 04:48:07,873 [Worker-25: Building] INFO  o.e.m.c.i.embedder.EclipseLogger - skip non existing resourceDirectory D:\InfiniteTraining\Day11_1\JdbcExample\src\main\resources
2023-09-06 04:48:07,876 [Worker-25: Building] INFO  o.e.m.c.i.embedder.EclipseLogger - Using 'UTF-8' encoding to copy filtered resources.
2023-09-06 04:48:07,876 [Worker-25: Building] INFO  o.e.m.c.i.embedder.EclipseLogger - skip non existing resourceDirectory D:\InfiniteTraining\Day11_1\JdbcExample\src\test\resources
2023-09-06 04:48:36,009 [Worker-25: Building] INFO  o.e.m.c.i.embedder.EclipseLogger - Using 'UTF-8' encoding to copy filtered resources.
2023-09-06 04:48:36,009 [Worker-25: Building] INFO  o.e.m.c.i.embedder.EclipseLogger - skip non existing resourceDirectory D:\InfiniteTraining\Day11_1\JdbcExample\src\main\resources
2023-09-06 04:48:36,012 [Worker-25: Building] INFO  o.e.m.c.i.embedder.EclipseLogger - Using 'UTF-8' encoding to copy filtered resources.
2023-09-06 04:48:36,012 [Worker-25: Building] INFO  o.e.m.c.i.embedder.EclipseLogger - skip non existing resourceDirectory D:\InfiniteTraining\Day11_1\JdbcExample\src\test\resources
2023-09-06 04:55:57,443 [Worker-23: Building] INFO  o.e.m.c.i.embedder.EclipseLogger - Using 'UTF-8' encoding to copy filtered resources.
2023-09-06 04:55:57,443 [Worker-23: Building] INFO  o.e.m.c.i.embedder.EclipseLogger - skip non existing resourceDirectory D:\InfiniteTraining\Day11_1\JdbcExample\src\main\resources
2023-09-06 04:55:57,445 [Worker-23: Building] INFO  o.e.m.c.i.embedder.EclipseLogger - Using 'UTF-8' encoding to copy filtered resources.
2023-09-06 04:55:57,445 [Worker-23: Building] INFO  o.e.m.c.i.embedder.EclipseLogger - skip non existing resourceDirectory D:\InfiniteTraining\Day11_1\JdbcExample\src\test\resources
2023-09-06 20:44:55,162 [Worker-3: Building] INFO  o.e.m.c.i.embedder.EclipseLogger - Using 'UTF-8' encoding to copy filtered resources.
2023-09-06 20:44:55,163 [Worker-3: Building] INFO  o.e.m.c.i.embedder.EclipseLogger - skip non existing resourceDirectory D:\InfiniteTraining\Day11_1\JdbcExample\src\main\resources
2023-09-06 20:44:55,165 [Worker-3: Building] INFO  o.e.m.c.i.embedder.EclipseLogger - Using 'UTF-8' encoding to copy filtered resources.
2023-09-06 20:44:55,166 [Worker-3: Building] INFO  o.e.m.c.i.embedder.EclipseLogger - skip non existing resourceDirectory D:\InfiniteTraining\Day11_1\JdbcExample\src\test\resources
2023-09-06 20:57:33,333 [Worker-31: Building] INFO  o.e.m.c.i.embedder.EclipseLogger - Using 'UTF-8' encoding to copy filtered resources.
2023-09-06 20:57:33,333 [Worker-31: Building] INFO  o.e.m.c.i.embedder.EclipseLogger - skip non existing resourceDirectory D:\InfiniteTraining\Day11_1\JdbcExample\src\main\resources
2023-09-06 20:57:33,335 [Worker-31: Building] INFO  o.e.m.c.i.embedder.EclipseLogger - Using 'UTF-8' encoding to copy filtered resources.
2023-09-06 20:57:33,336 [Worker-31: Building] INFO  o.e.m.c.i.embedder.EclipseLogger - skip non existing resourceDirectory D:\InfiniteTraining\Day11_1\JdbcExample\src\test\resources
2023-09-06 20:58:32,444 [Worker-3: Building] INFO  o.e.m.c.i.embedder.EclipseLogger - Using 'UTF-8' encoding to copy filtered resources.
2023-09-06 20:58:32,445 [Worker-3: Building] INFO  o.e.m.c.i.embedder.EclipseLogger - skip non existing resourceDirectory D:\InfiniteTraining\Day11_1\JdbcExample\src\main\resources
2023-09-06 20:58:32,446 [Worker-3: Building] INFO  o.e.m.c.i.embedder.EclipseLogger - Using 'UTF-8' encoding to copy filtered resources.
2023-09-06 20:58:32,446 [Worker-3: Building] INFO  o.e.m.c.i.embedder.EclipseLogger - skip non existing resourceDirectory D:\InfiniteTraining\Day11_1\JdbcExample\src\test\resources
2023-09-06 21:10:44,471 [Worker-28: Building] INFO  o.e.m.c.i.embedder.EclipseLogger - Using 'UTF-8' encoding to copy filtered resources.
2023-09-06 21:10:44,472 [Worker-28: Building] INFO  o.e.m.c.i.embedder.EclipseLogger - skip non existing resourceDirectory D:\InfiniteTraining\Day11_1\JdbcExample\src\main\resources
2023-09-06 21:10:44,474 [Worker-28: Building] INFO  o.e.m.c.i.embedder.EclipseLogger - Using 'UTF-8' encoding to copy filtered resources.
2023-09-06 21:10:44,475 [Worker-28: Building] INFO  o.e.m.c.i.embedder.EclipseLogger - skip non existing resourceDirectory D:\InfiniteTraining\Day11_1\JdbcExample\src\test\resources
2023-09-06 21:14:43,572 [Worker-32: Building] INFO  o.e.m.c.i.embedder.EclipseLogger - Using 'UTF-8' encoding to copy filtered resources.
2023-09-06 21:14:43,572 [Worker-32: Building] INFO  o.e.m.c.i.embedder.EclipseLogger - skip non existing resourceDirectory D:\InfiniteTraining\Day11_1\JdbcExample\src\main\resources
2023-09-06 21:14:43,575 [Worker-32: Building] INFO  o.e.m.c.i.embedder.EclipseLogger - Using 'UTF-8' encoding to copy filtered resources.
2023-09-06 21:14:43,575 [Worker-32: Building] INFO  o.e.m.c.i.embedder.EclipseLogger - skip non existing resourceDirectory D:\InfiniteTraining\Day11_1\JdbcExample\src\test\resources
2023-09-06 21:17:43,670 [Worker-32: Building] INFO  o.e.m.c.i.embedder.EclipseLogger - Using 'UTF-8' encoding to copy filtered resources.
2023-09-06 21:17:43,670 [Worker-32: Building] INFO  o.e.m.c.i.embedder.EclipseLogger - skip non existing resourceDirectory D:\InfiniteTraining\Day11_1\JdbcExample\src\main\resources
2023-09-06 21:17:43,674 [Worker-32: Building] INFO  o.e.m.c.i.embedder.EclipseLogger - Using 'UTF-8' encoding to copy filtered resources.
2023-09-06 21:17:43,674 [Worker-32: Building] INFO  o.e.m.c.i.embedder.EclipseLogger - skip non existing resourceDirectory D:\InfiniteTraining\Day11_1\JdbcExample\src\test\resources
2023-09-06 21:25:05,881 [Worker-32: Building] INFO  o.e.m.c.i.embedder.EclipseLogger - Using 'UTF-8' encoding to copy filtered resources.
2023-09-06 21:25:05,881 [Worker-32: Building] INFO  o.e.m.c.i.embedder.EclipseLogger - skip non existing resourceDirectory D:\InfiniteTraining\Day11_1\JdbcExample\src\main\resources
2023-09-06 21:25:05,882 [Worker-32: Building] INFO  o.e.m.c.i.embedder.EclipseLogger - Using 'UTF-8' encoding to copy filtered resources.
2023-09-06 21:25:05,882 [Worker-32: Building] INFO  o.e.m.c.i.embedder.EclipseLogger - skip non existing resourceDirectory D:\InfiniteTraining\Day11_1\JdbcExample\src\test\resources
2023-09-06 21:27:07,185 [Worker-32: Launching EmployUpdate] INFO  o.e.m.c.i.embedder.EclipseLogger - Using 'UTF-8' encoding to copy filtered resources.
2023-09-06 21:27:07,185 [Worker-32: Launching EmployUpdate] INFO  o.e.m.c.i.embedder.EclipseLogger - skip non existing resourceDirectory D:\InfiniteTraining\Day11_1\JdbcExample\src\main\resources
2023-09-06 21:27:07,188 [Worker-32: Launching EmployUpdate] INFO  o.e.m.c.i.embedder.EclipseLogger - Using 'UTF-8' encoding to copy filtered resources.
2023-09-06 21:27:07,188 [Worker-32: Launching EmployUpdate] INFO  o.e.m.c.i.embedder.EclipseLogger - skip non existing resourceDirectory D:\InfiniteTraining\Day11_1\JdbcExample\src\test\resources
2023-09-06 21:40:24,623 [Worker-40: Launching mavenrun-f4df3be5-43d9-42aa-b96a-45999f824b3b] INFO  o.eclipse.m2e.core.internal.Bundles - getClasspathEntries(Bundle=org.eclipse.m2e.maven.runtime_3.8.701.20230209-1606 [610])
2023-09-06 21:40:24,926 [Worker-40: Launching mavenrun-f4df3be5-43d9-42aa-b96a-45999f824b3b] INFO  o.eclipse.m2e.core.internal.Bundles - 	Entry: C:\Users\shivangib\Downloads\eclipse-jee-2023-03-R-win32-x86_64\eclipse\plugins\org.eclipse.m2e.maven.runtime_3.8.701.20230209-1606
2023-09-06 21:40:24,926 [Worker-40: Launching mavenrun-f4df3be5-43d9-42aa-b96a-45999f824b3b] INFO  o.eclipse.m2e.core.internal.Bundles - 	Entry: C:\Users\shivangib\Downloads\eclipse-jee-2023-03-R-win32-x86_64\eclipse\plugins\org.eclipse.m2e.maven.runtime_3.8.701.20230209-1606\jars\aether-connector-okhttp-0.17.8.jar
2023-09-06 21:40:24,927 [Worker-40: Launching mavenrun-f4df3be5-43d9-42aa-b96a-45999f824b3b] INFO  o.eclipse.m2e.core.internal.Bundles - 	Entry: C:\Users\shivangib\Downloads\eclipse-jee-2023-03-R-win32-x86_64\eclipse\plugins\org.eclipse.m2e.maven.runtime_3.8.701.20230209-1606\jars\commons-lang3-3.8.1.jar
2023-09-06 21:40:24,927 [Worker-40: Launching mavenrun-f4df3be5-43d9-42aa-b96a-45999f824b3b] INFO  o.eclipse.m2e.core.internal.Bundles - 	Entry: C:\Users\shivangib\Downloads\eclipse-jee-2023-03-R-win32-x86_64\eclipse\plugins\org.eclipse.m2e.maven.runtime_3.8.701.20230209-1606\jars\guice-4.2.2-no_aop.jar
2023-09-06 21:40:24,927 [Worker-40: Launching mavenrun-f4df3be5-43d9-42aa-b96a-45999f824b3b] INFO  o.eclipse.m2e.core.internal.Bundles - 	Entry: C:\Users\shivangib\Downloads\eclipse-jee-2023-03-R-win32-x86_64\eclipse\plugins\org.eclipse.m2e.maven.runtime_3.8.701.20230209-1606\jars\jansi-2.4.0.jar
2023-09-06 21:40:24,927 [Worker-40: Launching mavenrun-f4df3be5-43d9-42aa-b96a-45999f824b3b] INFO  o.eclipse.m2e.core.internal.Bundles - 	Entry: C:\Users\shivangib\Downloads\eclipse-jee-2023-03-R-win32-x86_64\eclipse\plugins\org.eclipse.m2e.maven.runtime_3.8.701.20230209-1606\jars\maven-artifact-3.8.7.jar
2023-09-06 21:40:24,927 [Worker-40: Launching mavenrun-f4df3be5-43d9-42aa-b96a-45999f824b3b] INFO  o.eclipse.m2e.core.internal.Bundles - 	Entry: C:\Users\shivangib\Downloads\eclipse-jee-2023-03-R-win32-x86_64\eclipse\plugins\org.eclipse.m2e.maven.runtime_3.8.701.20230209-1606\jars\maven-builder-support-3.8.7.jar
2023-09-06 21:40:24,927 [Worker-40: Launching mavenrun-f4df3be5-43d9-42aa-b96a-45999f824b3b] INFO  o.eclipse.m2e.core.internal.Bundles - 	Entry: C:\Users\shivangib\Downloads\eclipse-jee-2023-03-R-win32-x86_64\eclipse\plugins\org.eclipse.m2e.maven.runtime_3.8.701.20230209-1606\jars\maven-compat-3.8.7.jar
2023-09-06 21:40:24,928 [Worker-40: Launching mavenrun-f4df3be5-43d9-42aa-b96a-45999f824b3b] INFO  o.eclipse.m2e.core.internal.Bundles - 	Entry: C:\Users\shivangib\Downloads\eclipse-jee-2023-03-R-win32-x86_64\eclipse\plugins\org.eclipse.m2e.maven.runtime_3.8.701.20230209-1606\jars\maven-core-3.8.7.jar
2023-09-06 21:40:24,928 [Worker-40: Launching mavenrun-f4df3be5-43d9-42aa-b96a-45999f824b3b] INFO  o.eclipse.m2e.core.internal.Bundles - 	Entry: C:\Users\shivangib\Downloads\eclipse-jee-2023-03-R-win32-x86_64\eclipse\plugins\org.eclipse.m2e.maven.runtime_3.8.701.20230209-1606\jars\maven-embedder-3.8.7.jar
2023-09-06 21:40:24,928 [Worker-40: Launching mavenrun-f4df3be5-43d9-42aa-b96a-45999f824b3b] INFO  o.eclipse.m2e.core.internal.Bundles - 	Entry: C:\Users\shivangib\Downloads\eclipse-jee-2023-03-R-win32-x86_64\eclipse\plugins\org.eclipse.m2e.maven.runtime_3.8.701.20230209-1606\jars\maven-model-3.8.7.jar
2023-09-06 21:40:24,928 [Worker-40: Launching mavenrun-f4df3be5-43d9-42aa-b96a-45999f824b3b] INFO  o.eclipse.m2e.core.internal.Bundles - 	Entry: C:\Users\shivangib\Downloads\eclipse-jee-2023-03-R-win32-x86_64\eclipse\plugins\org.eclipse.m2e.maven.runtime_3.8.701.20230209-1606\jars\maven-model-builder-3.8.7.jar
2023-09-06 21:40:24,928 [Worker-40: Launching mavenrun-f4df3be5-43d9-42aa-b96a-45999f824b3b] INFO  o.eclipse.m2e.core.internal.Bundles - 	Entry: C:\Users\shivangib\Downloads\eclipse-jee-2023-03-R-win32-x86_64\eclipse\plugins\org.eclipse.m2e.maven.runtime_3.8.701.20230209-1606\jars\maven-plugin-api-3.8.7.jar
2023-09-06 21:40:24,928 [Worker-40: Launching mavenrun-f4df3be5-43d9-42aa-b96a-45999f824b3b] INFO  o.eclipse.m2e.core.internal.Bundles - 	Entry: C:\Users\shivangib\Downloads\eclipse-jee-2023-03-R-win32-x86_64\eclipse\plugins\org.eclipse.m2e.maven.runtime_3.8.701.20230209-1606\jars\maven-repository-metadata-3.8.7.jar
2023-09-06 21:40:24,928 [Worker-40: Launching mavenrun-f4df3be5-43d9-42aa-b96a-45999f824b3b] INFO  o.eclipse.m2e.core.internal.Bundles - 	Entry: C:\Users\shivangib\Downloads\eclipse-jee-2023-03-R-win32-x86_64\eclipse\plugins\org.eclipse.m2e.maven.runtime_3.8.701.20230209-1606\jars\maven-resolver-api-1.6.3.jar
2023-09-06 21:40:24,929 [Worker-40: Launching mavenrun-f4df3be5-43d9-42aa-b96a-45999f824b3b] INFO  o.eclipse.m2e.core.internal.Bundles - 	Entry: C:\Users\shivangib\Downloads\eclipse-jee-2023-03-R-win32-x86_64\eclipse\plugins\org.eclipse.m2e.maven.runtime_3.8.701.20230209-1606\jars\maven-resolver-connector-basic-1.6.3.jar
2023-09-06 21:40:24,929 [Worker-40: Launching mavenrun-f4df3be5-43d9-42aa-b96a-45999f824b3b] INFO  o.eclipse.m2e.core.internal.Bundles - 	Entry: C:\Users\shivangib\Downloads\eclipse-jee-2023-03-R-win32-x86_64\eclipse\plugins\org.eclipse.m2e.maven.runtime_3.8.701.20230209-1606\jars\maven-resolver-impl-1.6.3.jar
2023-09-06 21:40:24,929 [Worker-40: Launching mavenrun-f4df3be5-43d9-42aa-b96a-45999f824b3b] INFO  o.eclipse.m2e.core.internal.Bundles - 	Entry: C:\Users\shivangib\Downloads\eclipse-jee-2023-03-R-win32-x86_64\eclipse\plugins\org.eclipse.m2e.maven.runtime_3.8.701.20230209-1606\jars\maven-resolver-provider-3.8.7.jar
2023-09-06 21:40:24,929 [Worker-40: Launching mavenrun-f4df3be5-43d9-42aa-b96a-45999f824b3b] INFO  o.eclipse.m2e.core.internal.Bundles - 	Entry: C:\Users\shivangib\Downloads\eclipse-jee-2023-03-R-win32-x86_64\eclipse\plugins\org.eclipse.m2e.maven.runtime_3.8.701.20230209-1606\jars\maven-resolver-spi-1.6.3.jar
2023-09-06 21:40:24,929 [Worker-40: Launching mavenrun-f4df3be5-43d9-42aa-b96a-45999f824b3b] INFO  o.eclipse.m2e.core.internal.Bundles - 	Entry: C:\Users\shivangib\Downloads\eclipse-jee-2023-03-R-win32-x86_64\eclipse\plugins\org.eclipse.m2e.maven.runtime_3.8.701.20230209-1606\jars\maven-resolver-transport-wagon-1.6.3.jar
2023-09-06 21:40:24,929 [Worker-40: Launching mavenrun-f4df3be5-43d9-42aa-b96a-45999f824b3b] INFO  o.eclipse.m2e.core.internal.Bundles - 	Entry: C:\Users\shivangib\Downloads\eclipse-jee-2023-03-R-win32-x86_64\eclipse\plugins\org.eclipse.m2e.maven.runtime_3.8.701.20230209-1606\jars\maven-resolver-util-1.6.3.jar
2023-09-06 21:40:24,929 [Worker-40: Launching mavenrun-f4df3be5-43d9-42aa-b96a-45999f824b3b] INFO  o.eclipse.m2e.core.internal.Bundles - 	Entry: C:\Users\shivangib\Downloads\eclipse-jee-2023-03-R-win32-x86_64\eclipse\plugins\org.eclipse.m2e.maven.runtime_3.8.701.20230209-1606\jars\maven-settings-3.8.7.jar
2023-09-06 21:40:24,929 [Worker-40: Launching mavenrun-f4df3be5-43d9-42aa-b96a-45999f824b3b] INFO  o.eclipse.m2e.core.internal.Bundles - 	Entry: C:\Users\shivangib\Downloads\eclipse-jee-2023-03-R-win32-x86_64\eclipse\plugins\org.eclipse.m2e.maven.runtime_3.8.701.20230209-1606\jars\maven-settings-builder-3.8.7.jar
2023-09-06 21:40:24,930 [Worker-40: Launching mavenrun-f4df3be5-43d9-42aa-b96a-45999f824b3b] INFO  o.eclipse.m2e.core.internal.Bundles - 	Entry: C:\Users\shivangib\Downloads\eclipse-jee-2023-03-R-win32-x86_64\eclipse\plugins\org.eclipse.m2e.maven.runtime_3.8.701.20230209-1606\jars\maven-shared-utils-3.3.4.jar
2023-09-06 21:40:24,930 [Worker-40: Launching mavenrun-f4df3be5-43d9-42aa-b96a-45999f824b3b] INFO  o.eclipse.m2e.core.internal.Bundles - 	Entry: C:\Users\shivangib\Downloads\eclipse-jee-2023-03-R-win32-x86_64\eclipse\plugins\org.eclipse.m2e.maven.runtime_3.8.701.20230209-1606\jars\okhttp-3.14.1.jar
2023-09-06 21:40:24,930 [Worker-40: Launching mavenrun-f4df3be5-43d9-42aa-b96a-45999f824b3b] INFO  o.eclipse.m2e.core.internal.Bundles - 	Entry: C:\Users\shivangib\Downloads\eclipse-jee-2023-03-R-win32-x86_64\eclipse\plugins\org.eclipse.m2e.maven.runtime_3.8.701.20230209-1606\jars\okio-1.17.3.jar
2023-09-06 21:40:24,930 [Worker-40: Launching mavenrun-f4df3be5-43d9-42aa-b96a-45999f824b3b] INFO  o.eclipse.m2e.core.internal.Bundles - 	Entry: C:\Users\shivangib\Downloads\eclipse-jee-2023-03-R-win32-x86_64\eclipse\plugins\org.eclipse.m2e.maven.runtime_3.8.701.20230209-1606\jars\org.eclipse.sisu.inject-0.3.5.jar
2023-09-06 21:40:24,930 [Worker-40: Launching mavenrun-f4df3be5-43d9-42aa-b96a-45999f824b3b] INFO  o.eclipse.m2e.core.internal.Bundles - 	Entry: C:\Users\shivangib\Downloads\eclipse-jee-2023-03-R-win32-x86_64\eclipse\plugins\org.eclipse.m2e.maven.runtime_3.8.701.20230209-1606\jars\org.eclipse.sisu.plexus-0.3.5.jar
2023-09-06 21:40:24,931 [Worker-40: Launching mavenrun-f4df3be5-43d9-42aa-b96a-45999f824b3b] INFO  o.eclipse.m2e.core.internal.Bundles - 	Entry: C:\Users\shivangib\Downloads\eclipse-jee-2023-03-R-win32-x86_64\eclipse\plugins\org.eclipse.m2e.maven.runtime_3.8.701.20230209-1606\jars\plexus-build-api-0.0.7.jar
2023-09-06 21:40:24,931 [Worker-40: Launching mavenrun-f4df3be5-43d9-42aa-b96a-45999f824b3b] INFO  o.eclipse.m2e.core.internal.Bundles - 	Entry: C:\Users\shivangib\Downloads\eclipse-jee-2023-03-R-win32-x86_64\eclipse\plugins\org.eclipse.m2e.maven.runtime_3.8.701.20230209-1606\jars\plexus-cipher-2.0.jar
2023-09-06 21:40:24,931 [Worker-40: Launching mavenrun-f4df3be5-43d9-42aa-b96a-45999f824b3b] INFO  o.eclipse.m2e.core.internal.Bundles - 	Entry: C:\Users\shivangib\Downloads\eclipse-jee-2023-03-R-win32-x86_64\eclipse\plugins\org.eclipse.m2e.maven.runtime_3.8.701.20230209-1606\jars\plexus-classworlds-2.6.0.jar
2023-09-06 21:40:24,931 [Worker-40: Launching mavenrun-f4df3be5-43d9-42aa-b96a-45999f824b3b] INFO  o.eclipse.m2e.core.internal.Bundles - 	Entry: C:\Users\shivangib\Downloads\eclipse-jee-2023-03-R-win32-x86_64\eclipse\plugins\org.eclipse.m2e.maven.runtime_3.8.701.20230209-1606\jars\plexus-component-annotations-2.1.0.jar
2023-09-06 21:40:24,931 [Worker-40: Launching mavenrun-f4df3be5-43d9-42aa-b96a-45999f824b3b] INFO  o.eclipse.m2e.core.internal.Bundles - 	Entry: C:\Users\shivangib\Downloads\eclipse-jee-2023-03-R-win32-x86_64\eclipse\plugins\org.eclipse.m2e.maven.runtime_3.8.701.20230209-1606\jars\plexus-interpolation-1.26.jar
2023-09-06 21:40:24,931 [Worker-40: Launching mavenrun-f4df3be5-43d9-42aa-b96a-45999f824b3b] INFO  o.eclipse.m2e.core.internal.Bundles - 	Entry: C:\Users\shivangib\Downloads\eclipse-jee-2023-03-R-win32-x86_64\eclipse\plugins\org.eclipse.m2e.maven.runtime_3.8.701.20230209-1606\jars\plexus-sec-dispatcher-2.0.jar
2023-09-06 21:40:24,931 [Worker-40: Launching mavenrun-f4df3be5-43d9-42aa-b96a-45999f824b3b] INFO  o.eclipse.m2e.core.internal.Bundles - 	Entry: C:\Users\shivangib\Downloads\eclipse-jee-2023-03-R-win32-x86_64\eclipse\plugins\org.eclipse.m2e.maven.runtime_3.8.701.20230209-1606\jars\plexus-utils-3.3.1.jar
2023-09-06 21:40:24,931 [Worker-40: Launching mavenrun-f4df3be5-43d9-42aa-b96a-45999f824b3b] INFO  o.eclipse.m2e.core.internal.Bundles - 	Entry: C:\Users\shivangib\Downloads\eclipse-jee-2023-03-R-win32-x86_64\eclipse\plugins\org.eclipse.m2e.maven.runtime_3.8.701.20230209-1606\jars\wagon-file-3.5.3.jar
2023-09-06 21:40:24,931 [Worker-40: Launching mavenrun-f4df3be5-43d9-42aa-b96a-45999f824b3b] INFO  o.eclipse.m2e.core.internal.Bundles - 	Entry: C:\Users\shivangib\Downloads\eclipse-jee-2023-03-R-win32-x86_64\eclipse\plugins\org.eclipse.m2e.maven.runtime_3.8.701.20230209-1606\jars\wagon-provider-api-3.5.3.jar
2023-09-06 21:40:24,932 [Worker-40: Launching mavenrun-f4df3be5-43d9-42aa-b96a-45999f824b3b] INFO  o.eclipse.m2e.core.internal.Bundles - getClasspathEntries(Bundle=com.google.guava_31.1.0.jre [11])
2023-09-06 21:40:24,949 [Worker-40: Launching mavenrun-f4df3be5-43d9-42aa-b96a-45999f824b3b] INFO  o.eclipse.m2e.core.internal.Bundles - 	Entry: C:\Users\shivangib\Downloads\eclipse-jee-2023-03-R-win32-x86_64\eclipse\plugins\com.google.guava_31.1.0.jre.jar
2023-09-06 21:40:24,949 [Worker-40: Launching mavenrun-f4df3be5-43d9-42aa-b96a-45999f824b3b] INFO  o.eclipse.m2e.core.internal.Bundles - getClasspathEntries(Bundle=slf4j.api_1.7.36 [924])
2023-09-06 21:40:24,949 [Worker-40: Launching mavenrun-f4df3be5-43d9-42aa-b96a-45999f824b3b] INFO  o.eclipse.m2e.core.internal.Bundles - 	Entry: C:\Users\shivangib\Downloads\eclipse-jee-2023-03-R-win32-x86_64\eclipse\plugins\slf4j.api_1.7.36.jar
2023-09-06 21:40:24,949 [Worker-40: Launching mavenrun-f4df3be5-43d9-42aa-b96a-45999f824b3b] INFO  o.eclipse.m2e.core.internal.Bundles - getClasspathEntries(Bundle=javax.inject_1.0.0.v20220405-0441 [35])
2023-09-06 21:40:25,118 [Worker-40: Launching mavenrun-f4df3be5-43d9-42aa-b96a-45999f824b3b] INFO  o.eclipse.m2e.core.internal.Bundles - 	Entry: C:\Users\shivangib\Downloads\eclipse-jee-2023-03-R-win32-x86_64\eclipse\plugins\javax.inject_1.0.0.v20220405-0441.jar
2023-09-06 21:40:25,118 [Worker-40: Launching mavenrun-f4df3be5-43d9-42aa-b96a-45999f824b3b] INFO  o.eclipse.m2e.core.internal.Bundles - getClasspathEntries(Bundle=javax.annotation_1.3.5.v20221203-1659 [33])
2023-09-06 21:40:25,324 [Worker-40: Launching mavenrun-f4df3be5-43d9-42aa-b96a-45999f824b3b] INFO  o.eclipse.m2e.core.internal.Bundles - 	Entry: C:\Users\shivangib\Downloads\eclipse-jee-2023-03-R-win32-x86_64\eclipse\plugins\javax.annotation_1.3.5.v20221203-1659.jar
2023-09-06 21:40:25,324 [Worker-40: Launching mavenrun-f4df3be5-43d9-42aa-b96a-45999f824b3b] INFO  o.eclipse.m2e.core.internal.Bundles - getClasspathEntries(Bundle=org.apache.commons.cli_1.4.0.v20221112-0806 [67])
2023-09-06 21:40:25,380 [Worker-40: Launching mavenrun-f4df3be5-43d9-42aa-b96a-45999f824b3b] INFO  o.eclipse.m2e.core.internal.Bundles - 	Entry: C:\Users\shivangib\Downloads\eclipse-jee-2023-03-R-win32-x86_64\eclipse\plugins\org.apache.commons.cli_1.4.0.v20221112-0806.jar
2023-09-06 21:40:25,380 [Worker-40: Launching mavenrun-f4df3be5-43d9-42aa-b96a-45999f824b3b] INFO  o.eclipse.m2e.core.internal.Bundles - getClasspathEntries(Bundle=com.google.guava.failureaccess_1.0.1 [13])
2023-09-06 21:40:25,461 [Worker-40: Launching mavenrun-f4df3be5-43d9-42aa-b96a-45999f824b3b] INFO  o.eclipse.m2e.core.internal.Bundles - 	Entry: C:\Users\shivangib\Downloads\eclipse-jee-2023-03-R-win32-x86_64\eclipse\plugins\com.google.guava.failureaccess_1.0.1.jar
2023-09-06 21:40:25,465 [Worker-40: Launching mavenrun-f4df3be5-43d9-42aa-b96a-45999f824b3b] INFO  o.e.m.i.launch.MavenLaunchDelegate - Run build in "C:\Users\SHIVAN~1\AppData\Local\Temp\m2e-archetypeGenerator5192421901260827426":
2023-09-06 21:40:25,466 [Worker-40: Launching mavenrun-f4df3be5-43d9-42aa-b96a-45999f824b3b] INFO  o.e.m.i.launch.MavenLaunchDelegate -  mvn  -DarchetypeGroupId=de.bripkens -DarchetypeArtifactId=java-quickstart -DarchetypeVersion=0.2.0 -DgroupId=infinite -DartifactId=EmployRealTime -Dversion=0.0.1-SNAPSHOT -Dpackage=com.java.jdbc -DoutputDirectory=D:\InfiniteTraining\Day11_1 -Dstyle.color=always -U archetype:generate
2023-09-06 21:41:21,315 [Worker-42: Creating java-quickstart] INFO  o.e.m.c.i.p.ProjectConfigurationManager - Collecting project info '/pom.xml' D:\InfiniteTraining\Day11_1\EmployRealTime\pom.xml
2023-09-06 21:41:25,987 [Worker-42: Creating java-quickstart] INFO  o.e.m.c.i.l.LifecycleMappingFactory - Using org.eclipse.m2e.jdt.JarLifecycleMapping lifecycle mapping for MavenProject: infinite:EmployRealTime:0.0.1-SNAPSHOT @ D:\InfiniteTraining\Day11_1\EmployRealTime\pom.xml.
2023-09-06 21:41:26,776 [Worker-42: Creating java-quickstart] INFO  o.e.m.j.i.AbstractJavaProjectConfigurator - Adding source folder /EmployRealTime/src/main/java
2023-09-06 21:41:26,789 [Worker-42: Creating java-quickstart] INFO  o.e.m.j.i.AbstractJavaProjectConfigurator - Adding source folder /EmployRealTime/src/test/java
2023-09-06 21:41:27,313 [Worker-42: Creating java-quickstart] INFO  o.e.m.c.i.p.ProjectConfigurationManager - Imported and configured 1 project(s) in 5 sec
2023-09-06 21:41:27,693 [Worker-38: Building] INFO  o.e.m.c.i.embedder.EclipseLogger - Using 'UTF-8' encoding to copy filtered resources.
2023-09-06 21:41:27,693 [Worker-38: Building] INFO  o.e.m.c.i.embedder.EclipseLogger - skip non existing resourceDirectory D:\InfiniteTraining\Day11_1\EmployRealTime\src\main\resources
2023-09-06 21:41:27,696 [Worker-38: Building] INFO  o.e.m.c.i.embedder.EclipseLogger - Using 'UTF-8' encoding to copy filtered resources.
2023-09-06 21:41:27,696 [Worker-38: Building] INFO  o.e.m.c.i.embedder.EclipseLogger - skip non existing resourceDirectory D:\InfiniteTraining\Day11_1\EmployRealTime\src\test\resources
2023-09-06 21:41:35,032 [Worker-44: Building] INFO  o.e.m.c.i.l.LifecycleMappingFactory - Using org.eclipse.m2e.jdt.JarLifecycleMapping lifecycle mapping for MavenProject: infinite:EmployRealTime:0.0.1-SNAPSHOT @ D:\InfiniteTraining\Day11_1\EmployRealTime\pom.xml.
2023-09-06 21:41:35,131 [Worker-44: Building] INFO  o.e.m.c.i.embedder.EclipseLogger - Using 'UTF-8' encoding to copy filtered resources.
2023-09-06 21:41:35,131 [Worker-44: Building] INFO  o.e.m.c.i.embedder.EclipseLogger - skip non existing resourceDirectory D:\InfiniteTraining\Day11_1\EmployRealTime\src\main\resources
2023-09-06 21:41:35,132 [Worker-44: Building] INFO  o.e.m.c.i.embedder.EclipseLogger - Using 'UTF-8' encoding to copy filtered resources.
2023-09-06 21:41:35,132 [Worker-44: Building] INFO  o.e.m.c.i.embedder.EclipseLogger - skip non existing resourceDirectory D:\InfiniteTraining\Day11_1\EmployRealTime\src\test\resources
2023-09-06 21:50:13,090 [Worker-44: Building] INFO  o.e.m.c.i.embedder.EclipseLogger - Using 'UTF-8' encoding to copy filtered resources.
2023-09-06 21:50:13,090 [Worker-44: Building] INFO  o.e.m.c.i.embedder.EclipseLogger - skip non existing resourceDirectory D:\InfiniteTraining\Day11_1\EmployRealTime\src\main\resources
2023-09-06 21:50:13,092 [Worker-44: Building] INFO  o.e.m.c.i.embedder.EclipseLogger - Using 'UTF-8' encoding to copy filtered resources.
2023-09-06 21:50:13,093 [Worker-44: Building] INFO  o.e.m.c.i.embedder.EclipseLogger - skip non existing resourceDirectory D:\InfiniteTraining\Day11_1\EmployRealTime\src\test\resources
2023-09-06 21:52:06,481 [Worker-44: Building] INFO  o.e.m.c.i.embedder.EclipseLogger - Using 'UTF-8' encoding to copy filtered resources.
2023-09-06 21:52:06,481 [Worker-44: Building] INFO  o.e.m.c.i.embedder.EclipseLogger - skip non existing resourceDirectory D:\InfiniteTraining\Day11_1\EmployRealTime\src\main\resources
2023-09-06 21:52:06,483 [Worker-44: Building] INFO  o.e.m.c.i.embedder.EclipseLogger - Using 'UTF-8' encoding to copy filtered resources.
2023-09-06 21:52:06,483 [Worker-44: Building] INFO  o.e.m.c.i.embedder.EclipseLogger - skip non existing resourceDirectory D:\InfiniteTraining\Day11_1\EmployRealTime\src\test\resources
2023-09-06 21:55:27,005 [Worker-47: Building] INFO  o.e.m.c.i.embedder.EclipseLogger - Using 'UTF-8' encoding to copy filtered resources.
2023-09-06 21:55:27,005 [Worker-47: Building] INFO  o.e.m.c.i.embedder.EclipseLogger - skip non existing resourceDirectory D:\InfiniteTraining\Day11_1\EmployRealTime\src\main\resources
2023-09-06 21:55:27,007 [Worker-47: Building] INFO  o.e.m.c.i.embedder.EclipseLogger - Using 'UTF-8' encoding to copy filtered resources.
2023-09-06 21:55:27,007 [Worker-47: Building] INFO  o.e.m.c.i.embedder.EclipseLogger - skip non existing resourceDirectory D:\InfiniteTraining\Day11_1\EmployRealTime\src\test\resources
2023-09-06 21:58:06,309 [Worker-49: Building] INFO  o.e.m.c.i.embedder.EclipseLogger - Using 'UTF-8' encoding to copy filtered resources.
2023-09-06 21:58:06,309 [Worker-49: Building] INFO  o.e.m.c.i.embedder.EclipseLogger - skip non existing resourceDirectory D:\InfiniteTraining\Day11_1\EmployRealTime\src\main\resources
2023-09-06 21:58:06,311 [Worker-49: Building] INFO  o.e.m.c.i.embedder.EclipseLogger - Using 'UTF-8' encoding to copy filtered resources.
2023-09-06 21:58:06,312 [Worker-49: Building] INFO  o.e.m.c.i.embedder.EclipseLogger - skip non existing resourceDirectory D:\InfiniteTraining\Day11_1\EmployRealTime\src\test\resources
2023-09-06 22:02:40,071 [Worker-49: Building] INFO  o.e.m.c.i.embedder.EclipseLogger - Using 'UTF-8' encoding to copy filtered resources.
2023-09-06 22:02:40,071 [Worker-49: Building] INFO  o.e.m.c.i.embedder.EclipseLogger - skip non existing resourceDirectory D:\InfiniteTraining\Day11_1\EmployRealTime\src\main\resources
2023-09-06 22:02:40,072 [Worker-49: Building] INFO  o.e.m.c.i.embedder.EclipseLogger - Using 'UTF-8' encoding to copy filtered resources.
2023-09-06 22:02:40,073 [Worker-49: Building] INFO  o.e.m.c.i.embedder.EclipseLogger - skip non existing resourceDirectory D:\InfiniteTraining\Day11_1\EmployRealTime\src\test\resources
2023-09-06 22:02:50,708 [Worker-52: Building] INFO  o.e.m.c.i.embedder.EclipseLogger - Using 'UTF-8' encoding to copy filtered resources.
2023-09-06 22:02:50,709 [Worker-52: Building] INFO  o.e.m.c.i.embedder.EclipseLogger - skip non existing resourceDirectory D:\InfiniteTraining\Day11_1\EmployRealTime\src\main\resources
2023-09-06 22:02:50,710 [Worker-52: Building] INFO  o.e.m.c.i.embedder.EclipseLogger - Using 'UTF-8' encoding to copy filtered resources.
2023-09-06 22:02:50,711 [Worker-52: Building] INFO  o.e.m.c.i.embedder.EclipseLogger - skip non existing resourceDirectory D:\InfiniteTraining\Day11_1\EmployRealTime\src\test\resources
2023-09-06 22:09:51,668 [Worker-54: Building] INFO  o.e.m.c.i.embedder.EclipseLogger - Using 'UTF-8' encoding to copy filtered resources.
2023-09-06 22:09:51,668 [Worker-54: Building] INFO  o.e.m.c.i.embedder.EclipseLogger - skip non existing resourceDirectory D:\InfiniteTraining\Day11_1\EmployRealTime\src\main\resources
2023-09-06 22:09:51,669 [Worker-54: Building] INFO  o.e.m.c.i.embedder.EclipseLogger - Using 'UTF-8' encoding to copy filtered resources.
2023-09-06 22:09:51,670 [Worker-54: Building] INFO  o.e.m.c.i.embedder.EclipseLogger - skip non existing resourceDirectory D:\InfiniteTraining\Day11_1\EmployRealTime\src\test\resources
2023-09-06 22:11:31,807 [Worker-53: Building] INFO  o.e.m.c.i.embedder.EclipseLogger - Using 'UTF-8' encoding to copy filtered resources.
2023-09-06 22:11:31,808 [Worker-53: Building] INFO  o.e.m.c.i.embedder.EclipseLogger - skip non existing resourceDirectory D:\InfiniteTraining\Day11_1\EmployRealTime\src\main\resources
2023-09-06 22:11:31,810 [Worker-53: Building] INFO  o.e.m.c.i.embedder.EclipseLogger - Using 'UTF-8' encoding to copy filtered resources.
2023-09-06 22:11:31,811 [Worker-53: Building] INFO  o.e.m.c.i.embedder.EclipseLogger - skip non existing resourceDirectory D:\InfiniteTraining\Day11_1\EmployRealTime\src\test\resources
2023-09-06 22:11:53,536 [Worker-50: Building] INFO  o.e.m.c.i.embedder.EclipseLogger - Using 'UTF-8' encoding to copy filtered resources.
2023-09-06 22:11:53,536 [Worker-50: Building] INFO  o.e.m.c.i.embedder.EclipseLogger - skip non existing resourceDirectory D:\InfiniteTraining\Day11_1\EmployRealTime\src\main\resources
2023-09-06 22:11:53,538 [Worker-50: Building] INFO  o.e.m.c.i.embedder.EclipseLogger - Using 'UTF-8' encoding to copy filtered resources.
2023-09-06 22:11:53,538 [Worker-50: Building] INFO  o.e.m.c.i.embedder.EclipseLogger - skip non existing resourceDirectory D:\InfiniteTraining\Day11_1\EmployRealTime\src\test\resources
2023-09-06 22:12:04,192 [Worker-50: Building] INFO  o.e.m.c.i.embedder.EclipseLogger - Using 'UTF-8' encoding to copy filtered resources.
2023-09-06 22:12:04,192 [Worker-50: Building] INFO  o.e.m.c.i.embedder.EclipseLogger - skip non existing resourceDirectory D:\InfiniteTraining\Day11_1\EmployRealTime\src\main\resources
2023-09-06 22:12:04,194 [Worker-50: Building] INFO  o.e.m.c.i.embedder.EclipseLogger - Using 'UTF-8' encoding to copy filtered resources.
2023-09-06 22:12:04,194 [Worker-50: Building] INFO  o.e.m.c.i.embedder.EclipseLogger - skip non existing resourceDirectory D:\InfiniteTraining\Day11_1\EmployRealTime\src\test\resources
2023-09-06 22:21:30,632 [Worker-50: Building] INFO  o.e.m.c.i.embedder.EclipseLogger - Using 'UTF-8' encoding to copy filtered resources.
2023-09-06 22:21:30,632 [Worker-50: Building] INFO  o.e.m.c.i.embedder.EclipseLogger - skip non existing resourceDirectory D:\InfiniteTraining\Day11_1\EmployRealTime\src\main\resources
2023-09-06 22:21:30,634 [Worker-50: Building] INFO  o.e.m.c.i.embedder.EclipseLogger - Using 'UTF-8' encoding to copy filtered resources.
2023-09-06 22:21:30,634 [Worker-50: Building] INFO  o.e.m.c.i.embedder.EclipseLogger - skip non existing resourceDirectory D:\InfiniteTraining\Day11_1\EmployRealTime\src\test\resources
2023-09-06 22:22:00,593 [Worker-63: Building] INFO  o.e.m.c.i.embedder.EclipseLogger - Using 'UTF-8' encoding to copy filtered resources.
2023-09-06 22:22:00,593 [Worker-63: Building] INFO  o.e.m.c.i.embedder.EclipseLogger - skip non existing resourceDirectory D:\InfiniteTraining\Day11_1\EmployRealTime\src\main\resources
2023-09-06 22:22:00,595 [Worker-63: Building] INFO  o.e.m.c.i.embedder.EclipseLogger - Using 'UTF-8' encoding to copy filtered resources.
2023-09-06 22:22:00,595 [Worker-63: Building] INFO  o.e.m.c.i.embedder.EclipseLogger - skip non existing resourceDirectory D:\InfiniteTraining\Day11_1\EmployRealTime\src\test\resources
2023-09-06 22:22:20,127 [Worker-62: Building] INFO  o.e.m.c.i.embedder.EclipseLogger - Using 'UTF-8' encoding to copy filtered resources.
2023-09-06 22:22:20,127 [Worker-62: Building] INFO  o.e.m.c.i.embedder.EclipseLogger - skip non existing resourceDirectory D:\InfiniteTraining\Day11_1\EmployRealTime\src\main\resources
2023-09-06 22:22:20,129 [Worker-62: Building] INFO  o.e.m.c.i.embedder.EclipseLogger - Using 'UTF-8' encoding to copy filtered resources.
2023-09-06 22:22:20,129 [Worker-62: Building] INFO  o.e.m.c.i.embedder.EclipseLogger - skip non existing resourceDirectory D:\InfiniteTraining\Day11_1\EmployRealTime\src\test\resources
2023-09-06 22:23:04,812 [Worker-64: Building] INFO  o.e.m.c.i.embedder.EclipseLogger - Using 'UTF-8' encoding to copy filtered resources.
2023-09-06 22:23:04,812 [Worker-64: Building] INFO  o.e.m.c.i.embedder.EclipseLogger - skip non existing resourceDirectory D:\InfiniteTraining\Day11_1\EmployRealTime\src\main\resources
2023-09-06 22:23:04,813 [Worker-64: Building] INFO  o.e.m.c.i.embedder.EclipseLogger - Using 'UTF-8' encoding to copy filtered resources.
2023-09-06 22:23:04,813 [Worker-64: Building] INFO  o.e.m.c.i.embedder.EclipseLogger - skip non existing resourceDirectory D:\InfiniteTraining\Day11_1\EmployRealTime\src\test\resources
2023-09-06 22:23:20,927 [Worker-64: Building] INFO  o.e.m.c.i.embedder.EclipseLogger - Using 'UTF-8' encoding to copy filtered resources.
2023-09-06 22:23:20,928 [Worker-64: Building] INFO  o.e.m.c.i.embedder.EclipseLogger - skip non existing resourceDirectory D:\InfiniteTraining\Day11_1\EmployRealTime\src\main\resources
2023-09-06 22:23:20,931 [Worker-64: Building] INFO  o.e.m.c.i.embedder.EclipseLogger - Using 'UTF-8' encoding to copy filtered resources.
2023-09-06 22:23:20,931 [Worker-64: Building] INFO  o.e.m.c.i.embedder.EclipseLogger - skip non existing resourceDirectory D:\InfiniteTraining\Day11_1\EmployRealTime\src\test\resources
2023-09-06 22:33:49,453 [Worker-63: Building] INFO  o.e.m.c.i.embedder.EclipseLogger - Using 'UTF-8' encoding to copy filtered resources.
2023-09-06 22:33:49,454 [Worker-63: Building] INFO  o.e.m.c.i.embedder.EclipseLogger - skip non existing resourceDirectory D:\InfiniteTraining\Day11_1\EmployRealTime\src\main\resources
2023-09-06 22:33:49,455 [Worker-63: Building] INFO  o.e.m.c.i.embedder.EclipseLogger - Using 'UTF-8' encoding to copy filtered resources.
2023-09-06 22:33:49,455 [Worker-63: Building] INFO  o.e.m.c.i.embedder.EclipseLogger - skip non existing resourceDirectory D:\InfiniteTraining\Day11_1\EmployRealTime\src\test\resources
2023-09-06 22:34:10,030 [Worker-65: Building] INFO  o.e.m.c.i.embedder.EclipseLogger - Using 'UTF-8' encoding to copy filtered resources.
2023-09-06 22:34:10,030 [Worker-65: Building] INFO  o.e.m.c.i.embedder.EclipseLogger - skip non existing resourceDirectory D:\InfiniteTraining\Day11_1\EmployRealTime\src\main\resources
2023-09-06 22:34:10,032 [Worker-65: Building] INFO  o.e.m.c.i.embedder.EclipseLogger - Using 'UTF-8' encoding to copy filtered resources.
2023-09-06 22:34:10,032 [Worker-65: Building] INFO  o.e.m.c.i.embedder.EclipseLogger - skip non existing resourceDirectory D:\InfiniteTraining\Day11_1\EmployRealTime\src\test\resources
2023-09-06 22:34:23,073 [Worker-59: Building] INFO  o.e.m.c.i.embedder.EclipseLogger - Using 'UTF-8' encoding to copy filtered resources.
2023-09-06 22:34:23,073 [Worker-59: Building] INFO  o.e.m.c.i.embedder.EclipseLogger - skip non existing resourceDirectory D:\InfiniteTraining\Day11_1\EmployRealTime\src\main\resources
2023-09-06 22:34:23,075 [Worker-59: Building] INFO  o.e.m.c.i.embedder.EclipseLogger - Using 'UTF-8' encoding to copy filtered resources.
2023-09-06 22:34:23,075 [Worker-59: Building] INFO  o.e.m.c.i.embedder.EclipseLogger - skip non existing resourceDirectory D:\InfiniteTraining\Day11_1\EmployRealTime\src\test\resources
2023-09-06 22:40:09,964 [Worker-62: Building] INFO  o.e.m.c.i.embedder.EclipseLogger - Using 'UTF-8' encoding to copy filtered resources.
2023-09-06 22:40:09,965 [Worker-62: Building] INFO  o.e.m.c.i.embedder.EclipseLogger - skip non existing resourceDirectory D:\InfiniteTraining\Day11_1\EmployRealTime\src\main\resources
2023-09-06 22:40:09,967 [Worker-62: Building] INFO  o.e.m.c.i.embedder.EclipseLogger - Using 'UTF-8' encoding to copy filtered resources.
2023-09-06 22:40:09,967 [Worker-62: Building] INFO  o.e.m.c.i.embedder.EclipseLogger - skip non existing resourceDirectory D:\InfiniteTraining\Day11_1\EmployRealTime\src\test\resources
2023-09-06 22:42:55,391 [Worker-59: Building] INFO  o.e.m.c.i.embedder.EclipseLogger - Using 'UTF-8' encoding to copy filtered resources.
2023-09-06 22:42:55,391 [Worker-59: Building] INFO  o.e.m.c.i.embedder.EclipseLogger - skip non existing resourceDirectory D:\InfiniteTraining\Day11_1\EmployRealTime\src\main\resources
2023-09-06 22:42:55,393 [Worker-59: Building] INFO  o.e.m.c.i.embedder.EclipseLogger - Using 'UTF-8' encoding to copy filtered resources.
2023-09-06 22:42:55,393 [Worker-59: Building] INFO  o.e.m.c.i.embedder.EclipseLogger - skip non existing resourceDirectory D:\InfiniteTraining\Day11_1\EmployRealTime\src\test\resources
2023-09-06 23:15:31,675 [Worker-72: Building] INFO  o.e.m.c.i.embedder.EclipseLogger - Using 'UTF-8' encoding to copy filtered resources.
2023-09-06 23:15:31,675 [Worker-72: Building] INFO  o.e.m.c.i.embedder.EclipseLogger - skip non existing resourceDirectory D:\InfiniteTraining\Day11_1\EmployRealTime\src\main\resources
2023-09-06 23:15:31,676 [Worker-72: Building] INFO  o.e.m.c.i.embedder.EclipseLogger - Using 'UTF-8' encoding to copy filtered resources.
2023-09-06 23:15:31,676 [Worker-72: Building] INFO  o.e.m.c.i.embedder.EclipseLogger - skip non existing resourceDirectory D:\InfiniteTraining\Day11_1\EmployRealTime\src\test\resources
2023-09-06 23:17:11,314 [Worker-71: Building] INFO  o.e.m.c.i.embedder.EclipseLogger - Using 'UTF-8' encoding to copy filtered resources.
2023-09-06 23:17:11,315 [Worker-71: Building] INFO  o.e.m.c.i.embedder.EclipseLogger - skip non existing resourceDirectory D:\InfiniteTraining\Day11_1\EmployRealTime\src\main\resources
2023-09-06 23:17:11,315 [Worker-71: Building] INFO  o.e.m.c.i.embedder.EclipseLogger - Using 'UTF-8' encoding to copy filtered resources.
2023-09-06 23:17:11,316 [Worker-71: Building] INFO  o.e.m.c.i.embedder.EclipseLogger - skip non existing resourceDirectory D:\InfiniteTraining\Day11_1\EmployRealTime\src\test\resources
2023-09-06 23:19:56,033 [Worker-59: Building] INFO  o.e.m.c.i.embedder.EclipseLogger - Using 'UTF-8' encoding to copy filtered resources.
2023-09-06 23:19:56,034 [Worker-59: Building] INFO  o.e.m.c.i.embedder.EclipseLogger - skip non existing resourceDirectory D:\InfiniteTraining\Day11_1\EmployRealTime\src\main\resources
2023-09-06 23:19:56,035 [Worker-59: Building] INFO  o.e.m.c.i.embedder.EclipseLogger - Using 'UTF-8' encoding to copy filtered resources.
2023-09-06 23:19:56,035 [Worker-59: Building] INFO  o.e.m.c.i.embedder.EclipseLogger - skip non existing resourceDirectory D:\InfiniteTraining\Day11_1\EmployRealTime\src\test\resources
2023-09-06 23:20:19,737 [Worker-59: Building] INFO  o.e.m.c.i.embedder.EclipseLogger - Using 'UTF-8' encoding to copy filtered resources.
2023-09-06 23:20:19,738 [Worker-59: Building] INFO  o.e.m.c.i.embedder.EclipseLogger - skip non existing resourceDirectory D:\InfiniteTraining\Day11_1\EmployRealTime\src\main\resources
2023-09-06 23:20:19,739 [Worker-59: Building] INFO  o.e.m.c.i.embedder.EclipseLogger - Using 'UTF-8' encoding to copy filtered resources.
2023-09-06 23:20:19,739 [Worker-59: Building] INFO  o.e.m.c.i.embedder.EclipseLogger - skip non existing resourceDirectory D:\InfiniteTraining\Day11_1\EmployRealTime\src\test\resources
2023-09-06 23:25:50,423 [Worker-59: Building] INFO  o.e.m.c.i.embedder.EclipseLogger - Using 'UTF-8' encoding to copy filtered resources.
2023-09-06 23:25:50,423 [Worker-59: Building] INFO  o.e.m.c.i.embedder.EclipseLogger - skip non existing resourceDirectory D:\InfiniteTraining\Day11_1\EmployRealTime\src\main\resources
2023-09-06 23:25:50,424 [Worker-59: Building] INFO  o.e.m.c.i.embedder.EclipseLogger - Using 'UTF-8' encoding to copy filtered resources.
2023-09-06 23:25:50,425 [Worker-59: Building] INFO  o.e.m.c.i.embedder.EclipseLogger - skip non existing resourceDirectory D:\InfiniteTraining\Day11_1\EmployRealTime\src\test\resources
2023-09-06 23:29:15,020 [Worker-71: Building] INFO  o.e.m.c.i.embedder.EclipseLogger - Using 'UTF-8' encoding to copy filtered resources.
2023-09-06 23:29:15,020 [Worker-71: Building] INFO  o.e.m.c.i.embedder.EclipseLogger - skip non existing resourceDirectory D:\InfiniteTraining\Day11_1\EmployRealTime\src\main\resources
2023-09-06 23:29:15,021 [Worker-71: Building] INFO  o.e.m.c.i.embedder.EclipseLogger - Using 'UTF-8' encoding to copy filtered resources.
2023-09-06 23:29:15,021 [Worker-71: Building] INFO  o.e.m.c.i.embedder.EclipseLogger - skip non existing resourceDirectory D:\InfiniteTraining\Day11_1\EmployRealTime\src\test\resources
2023-09-06 23:29:22,739 [Worker-73: Building] INFO  o.e.m.c.i.embedder.EclipseLogger - Using 'UTF-8' encoding to copy filtered resources.
2023-09-06 23:29:22,739 [Worker-73: Building] INFO  o.e.m.c.i.embedder.EclipseLogger - skip non existing resourceDirectory D:\InfiniteTraining\Day11_1\EmployRealTime\src\main\resources
2023-09-06 23:29:22,740 [Worker-73: Building] INFO  o.e.m.c.i.embedder.EclipseLogger - Using 'UTF-8' encoding to copy filtered resources.
2023-09-06 23:29:22,740 [Worker-73: Building] INFO  o.e.m.c.i.embedder.EclipseLogger - skip non existing resourceDirectory D:\InfiniteTraining\Day11_1\EmployRealTime\src\test\resources
2023-09-06 23:29:27,125 [Worker-59: Building] INFO  o.e.m.c.i.embedder.EclipseLogger - Using 'UTF-8' encoding to copy filtered resources.
2023-09-06 23:29:27,126 [Worker-59: Building] INFO  o.e.m.c.i.embedder.EclipseLogger - skip non existing resourceDirectory D:\InfiniteTraining\Day11_1\EmployRealTime\src\main\resources
2023-09-06 23:29:27,127 [Worker-59: Building] INFO  o.e.m.c.i.embedder.EclipseLogger - Using 'UTF-8' encoding to copy filtered resources.
2023-09-06 23:29:27,127 [Worker-59: Building] INFO  o.e.m.c.i.embedder.EclipseLogger - skip non existing resourceDirectory D:\InfiniteTraining\Day11_1\EmployRealTime\src\test\resources
2023-09-06 23:32:07,493 [Worker-76: Building] INFO  o.e.m.c.i.embedder.EclipseLogger - Using 'UTF-8' encoding to copy filtered resources.
2023-09-06 23:32:07,493 [Worker-76: Building] INFO  o.e.m.c.i.embedder.EclipseLogger - skip non existing resourceDirectory D:\InfiniteTraining\Day11_1\EmployRealTime\src\main\resources
2023-09-06 23:32:07,494 [Worker-76: Building] INFO  o.e.m.c.i.embedder.EclipseLogger - Using 'UTF-8' encoding to copy filtered resources.
2023-09-06 23:32:07,494 [Worker-76: Building] INFO  o.e.m.c.i.embedder.EclipseLogger - skip non existing resourceDirectory D:\InfiniteTraining\Day11_1\EmployRealTime\src\test\resources
2023-09-06 23:32:51,480 [Worker-76: Building] INFO  o.e.m.c.i.embedder.EclipseLogger - Using 'UTF-8' encoding to copy filtered resources.
2023-09-06 23:32:51,480 [Worker-76: Building] INFO  o.e.m.c.i.embedder.EclipseLogger - skip non existing resourceDirectory D:\InfiniteTraining\Day11_1\EmployRealTime\src\main\resources
2023-09-06 23:32:51,481 [Worker-76: Building] INFO  o.e.m.c.i.embedder.EclipseLogger - Using 'UTF-8' encoding to copy filtered resources.
2023-09-06 23:32:51,481 [Worker-76: Building] INFO  o.e.m.c.i.embedder.EclipseLogger - skip non existing resourceDirectory D:\InfiniteTraining\Day11_1\EmployRealTime\src\test\resources
2023-09-06 23:37:38,268 [Worker-80: Building] INFO  o.e.m.c.i.embedder.EclipseLogger - Using 'UTF-8' encoding to copy filtered resources.
2023-09-06 23:37:38,268 [Worker-80: Building] INFO  o.e.m.c.i.embedder.EclipseLogger - skip non existing resourceDirectory D:\InfiniteTraining\Day11_1\EmployRealTime\src\main\resources
2023-09-06 23:37:38,269 [Worker-80: Building] INFO  o.e.m.c.i.embedder.EclipseLogger - Using 'UTF-8' encoding to copy filtered resources.
2023-09-06 23:37:38,269 [Worker-80: Building] INFO  o.e.m.c.i.embedder.EclipseLogger - skip non existing resourceDirectory D:\InfiniteTraining\Day11_1\EmployRealTime\src\test\resources
2023-09-06 23:38:22,062 [Worker-71: Building] INFO  o.e.m.c.i.embedder.EclipseLogger - Using 'UTF-8' encoding to copy filtered resources.
2023-09-06 23:38:22,062 [Worker-71: Building] INFO  o.e.m.c.i.embedder.EclipseLogger - skip non existing resourceDirectory D:\InfiniteTraining\Day11_1\EmployRealTime\src\main\resources
2023-09-06 23:38:22,063 [Worker-71: Building] INFO  o.e.m.c.i.embedder.EclipseLogger - Using 'UTF-8' encoding to copy filtered resources.
2023-09-06 23:38:22,063 [Worker-71: Building] INFO  o.e.m.c.i.embedder.EclipseLogger - skip non existing resourceDirectory D:\InfiniteTraining\Day11_1\EmployRealTime\src\test\resources
2023-09-06 23:44:10,814 [Worker-80: Building] INFO  o.e.m.c.i.embedder.EclipseLogger - Using 'UTF-8' encoding to copy filtered resources.
2023-09-06 23:44:10,814 [Worker-80: Building] INFO  o.e.m.c.i.embedder.EclipseLogger - skip non existing resourceDirectory D:\InfiniteTraining\Day11_1\EmployRealTime\src\main\resources
2023-09-06 23:44:10,815 [Worker-80: Building] INFO  o.e.m.c.i.embedder.EclipseLogger - Using 'UTF-8' encoding to copy filtered resources.
2023-09-06 23:44:10,815 [Worker-80: Building] INFO  o.e.m.c.i.embedder.EclipseLogger - skip non existing resourceDirectory D:\InfiniteTraining\Day11_1\EmployRealTime\src\test\resources
2023-09-06 23:51:14,149 [Worker-82: Building] INFO  o.e.m.c.i.embedder.EclipseLogger - Using 'UTF-8' encoding to copy filtered resources.
2023-09-06 23:51:14,149 [Worker-82: Building] INFO  o.e.m.c.i.embedder.EclipseLogger - skip non existing resourceDirectory D:\InfiniteTraining\Day11_1\EmployRealTime\src\main\resources
2023-09-06 23:51:14,150 [Worker-82: Building] INFO  o.e.m.c.i.embedder.EclipseLogger - Using 'UTF-8' encoding to copy filtered resources.
2023-09-06 23:51:14,150 [Worker-82: Building] INFO  o.e.m.c.i.embedder.EclipseLogger - skip non existing resourceDirectory D:\InfiniteTraining\Day11_1\EmployRealTime\src\test\resources
2023-09-07 00:09:58,094 [Worker-89: Building] INFO  o.e.m.c.i.embedder.EclipseLogger - Using 'UTF-8' encoding to copy filtered resources.
2023-09-07 00:09:58,094 [Worker-89: Building] INFO  o.e.m.c.i.embedder.EclipseLogger - skip non existing resourceDirectory D:\InfiniteTraining\Day11_1\EmployRealTime\src\main\resources
2023-09-07 00:09:58,095 [Worker-89: Building] INFO  o.e.m.c.i.embedder.EclipseLogger - Using 'UTF-8' encoding to copy filtered resources.
2023-09-07 00:09:58,095 [Worker-89: Building] INFO  o.e.m.c.i.embedder.EclipseLogger - skip non existing resourceDirectory D:\InfiniteTraining\Day11_1\EmployRealTime\src\test\resources
2023-09-07 00:13:03,684 [Worker-80: Building] INFO  o.e.m.c.i.embedder.EclipseLogger - Using 'UTF-8' encoding to copy filtered resources.
2023-09-07 00:13:03,685 [Worker-80: Building] INFO  o.e.m.c.i.embedder.EclipseLogger - skip non existing resourceDirectory D:\InfiniteTraining\Day11_1\EmployRealTime\src\main\resources
2023-09-07 00:13:03,688 [Worker-80: Building] INFO  o.e.m.c.i.embedder.EclipseLogger - Using 'UTF-8' encoding to copy filtered resources.
2023-09-07 00:13:03,689 [Worker-80: Building] INFO  o.e.m.c.i.embedder.EclipseLogger - skip non existing resourceDirectory D:\InfiniteTraining\Day11_1\EmployRealTime\src\test\resources
2023-09-07 00:15:02,935 [Worker-86: Building] INFO  o.e.m.c.i.embedder.EclipseLogger - Using 'UTF-8' encoding to copy filtered resources.
2023-09-07 00:15:02,935 [Worker-86: Building] INFO  o.e.m.c.i.embedder.EclipseLogger - skip non existing resourceDirectory D:\InfiniteTraining\Day11_1\EmployRealTime\src\main\resources
2023-09-07 00:15:02,936 [Worker-86: Building] INFO  o.e.m.c.i.embedder.EclipseLogger - Using 'UTF-8' encoding to copy filtered resources.
2023-09-07 00:15:02,936 [Worker-86: Building] INFO  o.e.m.c.i.embedder.EclipseLogger - skip non existing resourceDirectory D:\InfiniteTraining\Day11_1\EmployRealTime\src\test\resources
2023-09-07 00:15:37,350 [Worker-89: Building] INFO  o.e.m.c.i.embedder.EclipseLogger - Using 'UTF-8' encoding to copy filtered resources.
2023-09-07 00:15:37,350 [Worker-89: Building] INFO  o.e.m.c.i.embedder.EclipseLogger - skip non existing resourceDirectory D:\InfiniteTraining\Day11_1\EmployRealTime\src\main\resources
2023-09-07 00:15:37,352 [Worker-89: Building] INFO  o.e.m.c.i.embedder.EclipseLogger - Using 'UTF-8' encoding to copy filtered resources.
2023-09-07 00:15:37,353 [Worker-89: Building] INFO  o.e.m.c.i.embedder.EclipseLogger - skip non existing resourceDirectory D:\InfiniteTraining\Day11_1\EmployRealTime\src\test\resources
2023-09-07 00:19:30,904 [Worker-90: Building] INFO  o.e.m.c.i.embedder.EclipseLogger - Using 'UTF-8' encoding to copy filtered resources.
2023-09-07 00:19:30,904 [Worker-90: Building] INFO  o.e.m.c.i.embedder.EclipseLogger - skip non existing resourceDirectory D:\InfiniteTraining\Day11_1\EmployRealTime\src\main\resources
2023-09-07 00:19:30,905 [Worker-90: Building] INFO  o.e.m.c.i.embedder.EclipseLogger - Using 'UTF-8' encoding to copy filtered resources.
2023-09-07 00:19:30,905 [Worker-90: Building] INFO  o.e.m.c.i.embedder.EclipseLogger - skip non existing resourceDirectory D:\InfiniteTraining\Day11_1\EmployRealTime\src\test\resources
2023-09-07 00:20:51,929 [Worker-89: Building] INFO  o.e.m.c.i.embedder.EclipseLogger - Using 'UTF-8' encoding to copy filtered resources.
2023-09-07 00:20:51,929 [Worker-89: Building] INFO  o.e.m.c.i.embedder.EclipseLogger - skip non existing resourceDirectory D:\InfiniteTraining\Day11_1\EmployRealTime\src\main\resources
2023-09-07 00:20:51,930 [Worker-89: Building] INFO  o.e.m.c.i.embedder.EclipseLogger - Using 'UTF-8' encoding to copy filtered resources.
2023-09-07 00:20:51,930 [Worker-89: Building] INFO  o.e.m.c.i.embedder.EclipseLogger - skip non existing resourceDirectory D:\InfiniteTraining\Day11_1\EmployRealTime\src\test\resources
2023-09-07 00:21:55,113 [Worker-89: Building] INFO  o.e.m.c.i.embedder.EclipseLogger - Using 'UTF-8' encoding to copy filtered resources.
2023-09-07 00:21:55,113 [Worker-89: Building] INFO  o.e.m.c.i.embedder.EclipseLogger - skip non existing resourceDirectory D:\InfiniteTraining\Day11_1\EmployRealTime\src\main\resources
2023-09-07 00:21:55,114 [Worker-89: Building] INFO  o.e.m.c.i.embedder.EclipseLogger - Using 'UTF-8' encoding to copy filtered resources.
2023-09-07 00:21:55,114 [Worker-89: Building] INFO  o.e.m.c.i.embedder.EclipseLogger - skip non existing resourceDirectory D:\InfiniteTraining\Day11_1\EmployRealTime\src\test\resources
2023-09-07 00:25:37,582 [Worker-86: Building] INFO  o.e.m.c.i.embedder.EclipseLogger - Using 'UTF-8' encoding to copy filtered resources.
2023-09-07 00:25:37,583 [Worker-86: Building] INFO  o.e.m.c.i.embedder.EclipseLogger - skip non existing resourceDirectory D:\InfiniteTraining\Day11_1\EmployRealTime\src\main\resources
2023-09-07 00:25:37,583 [Worker-86: Building] INFO  o.e.m.c.i.embedder.EclipseLogger - Using 'UTF-8' encoding to copy filtered resources.
2023-09-07 00:25:37,584 [Worker-86: Building] INFO  o.e.m.c.i.embedder.EclipseLogger - skip non existing resourceDirectory D:\InfiniteTraining\Day11_1\EmployRealTime\src\test\resources
2023-09-07 00:26:20,974 [Worker-91: Building] INFO  o.e.m.c.i.embedder.EclipseLogger - Using 'UTF-8' encoding to copy filtered resources.
2023-09-07 00:26:20,974 [Worker-91: Building] INFO  o.e.m.c.i.embedder.EclipseLogger - skip non existing resourceDirectory D:\InfiniteTraining\Day11_1\EmployRealTime\src\main\resources
2023-09-07 00:26:20,976 [Worker-91: Building] INFO  o.e.m.c.i.embedder.EclipseLogger - Using 'UTF-8' encoding to copy filtered resources.
2023-09-07 00:26:20,977 [Worker-91: Building] INFO  o.e.m.c.i.embedder.EclipseLogger - skip non existing resourceDirectory D:\InfiniteTraining\Day11_1\EmployRealTime\src\test\resources
2023-09-07 00:26:42,147 [Worker-89: Building] INFO  o.e.m.c.i.embedder.EclipseLogger - Using 'UTF-8' encoding to copy filtered resources.
2023-09-07 00:26:42,148 [Worker-89: Building] INFO  o.e.m.c.i.embedder.EclipseLogger - skip non existing resourceDirectory D:\InfiniteTraining\Day11_1\EmployRealTime\src\main\resources
2023-09-07 00:26:42,149 [Worker-89: Building] INFO  o.e.m.c.i.embedder.EclipseLogger - Using 'UTF-8' encoding to copy filtered resources.
2023-09-07 00:26:42,149 [Worker-89: Building] INFO  o.e.m.c.i.embedder.EclipseLogger - skip non existing resourceDirectory D:\InfiniteTraining\Day11_1\EmployRealTime\src\test\resources
2023-09-07 00:27:37,541 [Worker-91: Building] INFO  o.e.m.c.i.embedder.EclipseLogger - Using 'UTF-8' encoding to copy filtered resources.
2023-09-07 00:27:37,541 [Worker-91: Building] INFO  o.e.m.c.i.embedder.EclipseLogger - skip non existing resourceDirectory D:\InfiniteTraining\Day11_1\EmployRealTime\src\main\resources
2023-09-07 00:27:37,542 [Worker-91: Building] INFO  o.e.m.c.i.embedder.EclipseLogger - Using 'UTF-8' encoding to copy filtered resources.
2023-09-07 00:27:37,542 [Worker-91: Building] INFO  o.e.m.c.i.embedder.EclipseLogger - skip non existing resourceDirectory D:\InfiniteTraining\Day11_1\EmployRealTime\src\test\resources
2023-09-07 00:29:04,681 [Worker-86: Building] INFO  o.e.m.c.i.embedder.EclipseLogger - Using 'UTF-8' encoding to copy filtered resources.
2023-09-07 00:29:04,681 [Worker-86: Building] INFO  o.e.m.c.i.embedder.EclipseLogger - skip non existing resourceDirectory D:\InfiniteTraining\Day11_1\EmployRealTime\src\main\resources
2023-09-07 00:29:04,682 [Worker-86: Building] INFO  o.e.m.c.i.embedder.EclipseLogger - Using 'UTF-8' encoding to copy filtered resources.
2023-09-07 00:29:04,683 [Worker-86: Building] INFO  o.e.m.c.i.embedder.EclipseLogger - skip non existing resourceDirectory D:\InfiniteTraining\Day11_1\EmployRealTime\src\test\resources
2023-09-07 01:30:08,452 [Worker-90: Building] INFO  o.e.m.c.i.embedder.EclipseLogger - Using 'UTF-8' encoding to copy filtered resources.
2023-09-07 01:30:08,453 [Worker-90: Building] INFO  o.e.m.c.i.embedder.EclipseLogger - skip non existing resourceDirectory D:\InfiniteTraining\Day11_1\EmployRealTime\src\main\resources
2023-09-07 01:30:08,455 [Worker-90: Building] INFO  o.e.m.c.i.embedder.EclipseLogger - Using 'UTF-8' encoding to copy filtered resources.
2023-09-07 01:30:08,455 [Worker-90: Building] INFO  o.e.m.c.i.embedder.EclipseLogger - skip non existing resourceDirectory D:\InfiniteTraining\Day11_1\EmployRealTime\src\test\resources
2023-09-07 01:31:58,778 [Worker-94: Building] INFO  o.e.m.c.i.embedder.EclipseLogger - Using 'UTF-8' encoding to copy filtered resources.
2023-09-07 01:31:58,779 [Worker-94: Building] INFO  o.e.m.c.i.embedder.EclipseLogger - skip non existing resourceDirectory D:\InfiniteTraining\Day11_1\EmployRealTime\src\main\resources
2023-09-07 01:31:58,781 [Worker-94: Building] INFO  o.e.m.c.i.embedder.EclipseLogger - Using 'UTF-8' encoding to copy filtered resources.
2023-09-07 01:31:58,781 [Worker-94: Building] INFO  o.e.m.c.i.embedder.EclipseLogger - skip non existing resourceDirectory D:\InfiniteTraining\Day11_1\EmployRealTime\src\test\resources
2023-09-07 01:32:00,840 [Worker-94: Building] INFO  o.e.m.c.i.embedder.EclipseLogger - Using 'UTF-8' encoding to copy filtered resources.
2023-09-07 01:32:00,840 [Worker-94: Building] INFO  o.e.m.c.i.embedder.EclipseLogger - skip non existing resourceDirectory D:\InfiniteTraining\Day11_1\EmployRealTime\src\main\resources
2023-09-07 01:32:00,841 [Worker-94: Building] INFO  o.e.m.c.i.embedder.EclipseLogger - Using 'UTF-8' encoding to copy filtered resources.
2023-09-07 01:32:00,841 [Worker-94: Building] INFO  o.e.m.c.i.embedder.EclipseLogger - skip non existing resourceDirectory D:\InfiniteTraining\Day11_1\EmployRealTime\src\test\resources
2023-09-07 01:34:19,399 [Worker-95: Building] INFO  o.e.m.c.i.embedder.EclipseLogger - Using 'UTF-8' encoding to copy filtered resources.
2023-09-07 01:34:19,399 [Worker-95: Building] INFO  o.e.m.c.i.embedder.EclipseLogger - skip non existing resourceDirectory D:\InfiniteTraining\Day11_1\EmployRealTime\src\main\resources
2023-09-07 01:34:19,402 [Worker-95: Building] INFO  o.e.m.c.i.embedder.EclipseLogger - Using 'UTF-8' encoding to copy filtered resources.
2023-09-07 01:34:19,403 [Worker-95: Building] INFO  o.e.m.c.i.embedder.EclipseLogger - skip non existing resourceDirectory D:\InfiniteTraining\Day11_1\EmployRealTime\src\test\resources
2023-09-07 01:34:38,095 [Worker-95: Building] INFO  o.e.m.c.i.embedder.EclipseLogger - Using 'UTF-8' encoding to copy filtered resources.
2023-09-07 01:34:38,095 [Worker-95: Building] INFO  o.e.m.c.i.embedder.EclipseLogger - skip non existing resourceDirectory D:\InfiniteTraining\Day11_1\EmployRealTime\src\main\resources
2023-09-07 01:34:38,097 [Worker-95: Building] INFO  o.e.m.c.i.embedder.EclipseLogger - Using 'UTF-8' encoding to copy filtered resources.
2023-09-07 01:34:38,097 [Worker-95: Building] INFO  o.e.m.c.i.embedder.EclipseLogger - skip non existing resourceDirectory D:\InfiniteTraining\Day11_1\EmployRealTime\src\test\resources
2023-09-07 01:35:34,840 [Worker-97: Building] INFO  o.e.m.c.i.embedder.EclipseLogger - Using 'UTF-8' encoding to copy filtered resources.
2023-09-07 01:35:34,841 [Worker-97: Building] INFO  o.e.m.c.i.embedder.EclipseLogger - skip non existing resourceDirectory D:\InfiniteTraining\Day11_1\EmployRealTime\src\main\resources
2023-09-07 01:35:34,842 [Worker-97: Building] INFO  o.e.m.c.i.embedder.EclipseLogger - Using 'UTF-8' encoding to copy filtered resources.
2023-09-07 01:35:34,842 [Worker-97: Building] INFO  o.e.m.c.i.embedder.EclipseLogger - skip non existing resourceDirectory D:\InfiniteTraining\Day11_1\EmployRealTime\src\test\resources
2023-09-07 02:06:16,951 [Worker-100: Building] INFO  o.e.m.c.i.embedder.EclipseLogger - Using 'UTF-8' encoding to copy filtered resources.
2023-09-07 02:06:16,952 [Worker-100: Building] INFO  o.e.m.c.i.embedder.EclipseLogger - skip non existing resourceDirectory D:\InfiniteTraining\Day11_1\EmployRealTime\src\main\resources
2023-09-07 02:06:16,952 [Worker-100: Building] INFO  o.e.m.c.i.embedder.EclipseLogger - Using 'UTF-8' encoding to copy filtered resources.
2023-09-07 02:06:16,952 [Worker-100: Building] INFO  o.e.m.c.i.embedder.EclipseLogger - skip non existing resourceDirectory D:\InfiniteTraining\Day11_1\EmployRealTime\src\test\resources
