2023-10-12 11:32:44,870 [Worker-75: Launching mavenrun-799051a0-b665-4ca9-8a57-5c8bc3416c59] INFO  o.eclipse.m2e.core.internal.Bundles - getClasspathEntries(Bundle=org.eclipse.m2e.maven.runtime_3.8.701.20230209-1606 [610])
2023-10-12 11:32:45,023 [Worker-75: Launching mavenrun-799051a0-b665-4ca9-8a57-5c8bc3416c59] INFO  o.eclipse.m2e.core.internal.Bundles - 	Entry: C:\Users\shivangib\Downloads\eclipse-jee-2023-03-R-win32-x86_64\eclipse\plugins\org.eclipse.m2e.maven.runtime_3.8.701.20230209-1606
2023-10-12 11:32:45,024 [Worker-75: Launching mavenrun-799051a0-b665-4ca9-8a57-5c8bc3416c59] INFO  o.eclipse.m2e.core.internal.Bundles - 	Entry: C:\Users\shivangib\Downloads\eclipse-jee-2023-03-R-win32-x86_64\eclipse\plugins\org.eclipse.m2e.maven.runtime_3.8.701.20230209-1606\jars\aether-connector-okhttp-0.17.8.jar
2023-10-12 11:32:45,024 [Worker-75: Launching mavenrun-799051a0-b665-4ca9-8a57-5c8bc3416c59] INFO  o.eclipse.m2e.core.internal.Bundles - 	Entry: C:\Users\shivangib\Downloads\eclipse-jee-2023-03-R-win32-x86_64\eclipse\plugins\org.eclipse.m2e.maven.runtime_3.8.701.20230209-1606\jars\commons-lang3-3.8.1.jar
2023-10-12 11:32:45,024 [Worker-75: Launching mavenrun-799051a0-b665-4ca9-8a57-5c8bc3416c59] INFO  o.eclipse.m2e.core.internal.Bundles - 	Entry: C:\Users\shivangib\Downloads\eclipse-jee-2023-03-R-win32-x86_64\eclipse\plugins\org.eclipse.m2e.maven.runtime_3.8.701.20230209-1606\jars\guice-4.2.2-no_aop.jar
2023-10-12 11:32:45,025 [Worker-75: Launching mavenrun-799051a0-b665-4ca9-8a57-5c8bc3416c59] INFO  o.eclipse.m2e.core.internal.Bundles - 	Entry: C:\Users\shivangib\Downloads\eclipse-jee-2023-03-R-win32-x86_64\eclipse\plugins\org.eclipse.m2e.maven.runtime_3.8.701.20230209-1606\jars\jansi-2.4.0.jar
2023-10-12 11:32:45,025 [Worker-75: Launching mavenrun-799051a0-b665-4ca9-8a57-5c8bc3416c59] INFO  o.eclipse.m2e.core.internal.Bundles - 	Entry: C:\Users\shivangib\Downloads\eclipse-jee-2023-03-R-win32-x86_64\eclipse\plugins\org.eclipse.m2e.maven.runtime_3.8.701.20230209-1606\jars\maven-artifact-3.8.7.jar
2023-10-12 11:32:45,025 [Worker-75: Launching mavenrun-799051a0-b665-4ca9-8a57-5c8bc3416c59] INFO  o.eclipse.m2e.core.internal.Bundles - 	Entry: C:\Users\shivangib\Downloads\eclipse-jee-2023-03-R-win32-x86_64\eclipse\plugins\org.eclipse.m2e.maven.runtime_3.8.701.20230209-1606\jars\maven-builder-support-3.8.7.jar
2023-10-12 11:32:45,025 [Worker-75: Launching mavenrun-799051a0-b665-4ca9-8a57-5c8bc3416c59] INFO  o.eclipse.m2e.core.internal.Bundles - 	Entry: C:\Users\shivangib\Downloads\eclipse-jee-2023-03-R-win32-x86_64\eclipse\plugins\org.eclipse.m2e.maven.runtime_3.8.701.20230209-1606\jars\maven-compat-3.8.7.jar
2023-10-12 11:32:45,025 [Worker-75: Launching mavenrun-799051a0-b665-4ca9-8a57-5c8bc3416c59] INFO  o.eclipse.m2e.core.internal.Bundles - 	Entry: C:\Users\shivangib\Downloads\eclipse-jee-2023-03-R-win32-x86_64\eclipse\plugins\org.eclipse.m2e.maven.runtime_3.8.701.20230209-1606\jars\maven-core-3.8.7.jar
2023-10-12 11:32:45,025 [Worker-75: Launching mavenrun-799051a0-b665-4ca9-8a57-5c8bc3416c59] INFO  o.eclipse.m2e.core.internal.Bundles - 	Entry: C:\Users\shivangib\Downloads\eclipse-jee-2023-03-R-win32-x86_64\eclipse\plugins\org.eclipse.m2e.maven.runtime_3.8.701.20230209-1606\jars\maven-embedder-3.8.7.jar
2023-10-12 11:32:45,026 [Worker-75: Launching mavenrun-799051a0-b665-4ca9-8a57-5c8bc3416c59] INFO  o.eclipse.m2e.core.internal.Bundles - 	Entry: C:\Users\shivangib\Downloads\eclipse-jee-2023-03-R-win32-x86_64\eclipse\plugins\org.eclipse.m2e.maven.runtime_3.8.701.20230209-1606\jars\maven-model-3.8.7.jar
2023-10-12 11:32:45,026 [Worker-75: Launching mavenrun-799051a0-b665-4ca9-8a57-5c8bc3416c59] INFO  o.eclipse.m2e.core.internal.Bundles - 	Entry: C:\Users\shivangib\Downloads\eclipse-jee-2023-03-R-win32-x86_64\eclipse\plugins\org.eclipse.m2e.maven.runtime_3.8.701.20230209-1606\jars\maven-model-builder-3.8.7.jar
2023-10-12 11:32:45,026 [Worker-75: Launching mavenrun-799051a0-b665-4ca9-8a57-5c8bc3416c59] INFO  o.eclipse.m2e.core.internal.Bundles - 	Entry: C:\Users\shivangib\Downloads\eclipse-jee-2023-03-R-win32-x86_64\eclipse\plugins\org.eclipse.m2e.maven.runtime_3.8.701.20230209-1606\jars\maven-plugin-api-3.8.7.jar
2023-10-12 11:32:45,026 [Worker-75: Launching mavenrun-799051a0-b665-4ca9-8a57-5c8bc3416c59] INFO  o.eclipse.m2e.core.internal.Bundles - 	Entry: C:\Users\shivangib\Downloads\eclipse-jee-2023-03-R-win32-x86_64\eclipse\plugins\org.eclipse.m2e.maven.runtime_3.8.701.20230209-1606\jars\maven-repository-metadata-3.8.7.jar
2023-10-12 11:32:45,026 [Worker-75: Launching mavenrun-799051a0-b665-4ca9-8a57-5c8bc3416c59] INFO  o.eclipse.m2e.core.internal.Bundles - 	Entry: C:\Users\shivangib\Downloads\eclipse-jee-2023-03-R-win32-x86_64\eclipse\plugins\org.eclipse.m2e.maven.runtime_3.8.701.20230209-1606\jars\maven-resolver-api-1.6.3.jar
2023-10-12 11:32:45,027 [Worker-75: Launching mavenrun-799051a0-b665-4ca9-8a57-5c8bc3416c59] INFO  o.eclipse.m2e.core.internal.Bundles - 	Entry: C:\Users\shivangib\Downloads\eclipse-jee-2023-03-R-win32-x86_64\eclipse\plugins\org.eclipse.m2e.maven.runtime_3.8.701.20230209-1606\jars\maven-resolver-connector-basic-1.6.3.jar
2023-10-12 11:32:45,027 [Worker-75: Launching mavenrun-799051a0-b665-4ca9-8a57-5c8bc3416c59] INFO  o.eclipse.m2e.core.internal.Bundles - 	Entry: C:\Users\shivangib\Downloads\eclipse-jee-2023-03-R-win32-x86_64\eclipse\plugins\org.eclipse.m2e.maven.runtime_3.8.701.20230209-1606\jars\maven-resolver-impl-1.6.3.jar
2023-10-12 11:32:45,027 [Worker-75: Launching mavenrun-799051a0-b665-4ca9-8a57-5c8bc3416c59] INFO  o.eclipse.m2e.core.internal.Bundles - 	Entry: C:\Users\shivangib\Downloads\eclipse-jee-2023-03-R-win32-x86_64\eclipse\plugins\org.eclipse.m2e.maven.runtime_3.8.701.20230209-1606\jars\maven-resolver-provider-3.8.7.jar
2023-10-12 11:32:45,027 [Worker-75: Launching mavenrun-799051a0-b665-4ca9-8a57-5c8bc3416c59] INFO  o.eclipse.m2e.core.internal.Bundles - 	Entry: C:\Users\shivangib\Downloads\eclipse-jee-2023-03-R-win32-x86_64\eclipse\plugins\org.eclipse.m2e.maven.runtime_3.8.701.20230209-1606\jars\maven-resolver-spi-1.6.3.jar
2023-10-12 11:32:45,027 [Worker-75: Launching mavenrun-799051a0-b665-4ca9-8a57-5c8bc3416c59] INFO  o.eclipse.m2e.core.internal.Bundles - 	Entry: C:\Users\shivangib\Downloads\eclipse-jee-2023-03-R-win32-x86_64\eclipse\plugins\org.eclipse.m2e.maven.runtime_3.8.701.20230209-1606\jars\maven-resolver-transport-wagon-1.6.3.jar
2023-10-12 11:32:45,027 [Worker-75: Launching mavenrun-799051a0-b665-4ca9-8a57-5c8bc3416c59] INFO  o.eclipse.m2e.core.internal.Bundles - 	Entry: C:\Users\shivangib\Downloads\eclipse-jee-2023-03-R-win32-x86_64\eclipse\plugins\org.eclipse.m2e.maven.runtime_3.8.701.20230209-1606\jars\maven-resolver-util-1.6.3.jar
2023-10-12 11:32:45,027 [Worker-75: Launching mavenrun-799051a0-b665-4ca9-8a57-5c8bc3416c59] INFO  o.eclipse.m2e.core.internal.Bundles - 	Entry: C:\Users\shivangib\Downloads\eclipse-jee-2023-03-R-win32-x86_64\eclipse\plugins\org.eclipse.m2e.maven.runtime_3.8.701.20230209-1606\jars\maven-settings-3.8.7.jar
2023-10-12 11:32:45,028 [Worker-75: Launching mavenrun-799051a0-b665-4ca9-8a57-5c8bc3416c59] INFO  o.eclipse.m2e.core.internal.Bundles - 	Entry: C:\Users\shivangib\Downloads\eclipse-jee-2023-03-R-win32-x86_64\eclipse\plugins\org.eclipse.m2e.maven.runtime_3.8.701.20230209-1606\jars\maven-settings-builder-3.8.7.jar
2023-10-12 11:32:45,028 [Worker-75: Launching mavenrun-799051a0-b665-4ca9-8a57-5c8bc3416c59] INFO  o.eclipse.m2e.core.internal.Bundles - 	Entry: C:\Users\shivangib\Downloads\eclipse-jee-2023-03-R-win32-x86_64\eclipse\plugins\org.eclipse.m2e.maven.runtime_3.8.701.20230209-1606\jars\maven-shared-utils-3.3.4.jar
2023-10-12 11:32:45,028 [Worker-75: Launching mavenrun-799051a0-b665-4ca9-8a57-5c8bc3416c59] INFO  o.eclipse.m2e.core.internal.Bundles - 	Entry: C:\Users\shivangib\Downloads\eclipse-jee-2023-03-R-win32-x86_64\eclipse\plugins\org.eclipse.m2e.maven.runtime_3.8.701.20230209-1606\jars\okhttp-3.14.1.jar
2023-10-12 11:32:45,028 [Worker-75: Launching mavenrun-799051a0-b665-4ca9-8a57-5c8bc3416c59] INFO  o.eclipse.m2e.core.internal.Bundles - 	Entry: C:\Users\shivangib\Downloads\eclipse-jee-2023-03-R-win32-x86_64\eclipse\plugins\org.eclipse.m2e.maven.runtime_3.8.701.20230209-1606\jars\okio-1.17.3.jar
2023-10-12 11:32:45,028 [Worker-75: Launching mavenrun-799051a0-b665-4ca9-8a57-5c8bc3416c59] INFO  o.eclipse.m2e.core.internal.Bundles - 	Entry: C:\Users\shivangib\Downloads\eclipse-jee-2023-03-R-win32-x86_64\eclipse\plugins\org.eclipse.m2e.maven.runtime_3.8.701.20230209-1606\jars\org.eclipse.sisu.inject-0.3.5.jar
2023-10-12 11:32:45,028 [Worker-75: Launching mavenrun-799051a0-b665-4ca9-8a57-5c8bc3416c59] INFO  o.eclipse.m2e.core.internal.Bundles - 	Entry: C:\Users\shivangib\Downloads\eclipse-jee-2023-03-R-win32-x86_64\eclipse\plugins\org.eclipse.m2e.maven.runtime_3.8.701.20230209-1606\jars\org.eclipse.sisu.plexus-0.3.5.jar
2023-10-12 11:32:45,029 [Worker-75: Launching mavenrun-799051a0-b665-4ca9-8a57-5c8bc3416c59] INFO  o.eclipse.m2e.core.internal.Bundles - 	Entry: C:\Users\shivangib\Downloads\eclipse-jee-2023-03-R-win32-x86_64\eclipse\plugins\org.eclipse.m2e.maven.runtime_3.8.701.20230209-1606\jars\plexus-build-api-0.0.7.jar
2023-10-12 11:32:45,029 [Worker-75: Launching mavenrun-799051a0-b665-4ca9-8a57-5c8bc3416c59] INFO  o.eclipse.m2e.core.internal.Bundles - 	Entry: C:\Users\shivangib\Downloads\eclipse-jee-2023-03-R-win32-x86_64\eclipse\plugins\org.eclipse.m2e.maven.runtime_3.8.701.20230209-1606\jars\plexus-cipher-2.0.jar
2023-10-12 11:32:45,029 [Worker-75: Launching mavenrun-799051a0-b665-4ca9-8a57-5c8bc3416c59] INFO  o.eclipse.m2e.core.internal.Bundles - 	Entry: C:\Users\shivangib\Downloads\eclipse-jee-2023-03-R-win32-x86_64\eclipse\plugins\org.eclipse.m2e.maven.runtime_3.8.701.20230209-1606\jars\plexus-classworlds-2.6.0.jar
2023-10-12 11:32:45,029 [Worker-75: Launching mavenrun-799051a0-b665-4ca9-8a57-5c8bc3416c59] INFO  o.eclipse.m2e.core.internal.Bundles - 	Entry: C:\Users\shivangib\Downloads\eclipse-jee-2023-03-R-win32-x86_64\eclipse\plugins\org.eclipse.m2e.maven.runtime_3.8.701.20230209-1606\jars\plexus-component-annotations-2.1.0.jar
2023-10-12 11:32:45,029 [Worker-75: Launching mavenrun-799051a0-b665-4ca9-8a57-5c8bc3416c59] INFO  o.eclipse.m2e.core.internal.Bundles - 	Entry: C:\Users\shivangib\Downloads\eclipse-jee-2023-03-R-win32-x86_64\eclipse\plugins\org.eclipse.m2e.maven.runtime_3.8.701.20230209-1606\jars\plexus-interpolation-1.26.jar
2023-10-12 11:32:45,030 [Worker-75: Launching mavenrun-799051a0-b665-4ca9-8a57-5c8bc3416c59] INFO  o.eclipse.m2e.core.internal.Bundles - 	Entry: C:\Users\shivangib\Downloads\eclipse-jee-2023-03-R-win32-x86_64\eclipse\plugins\org.eclipse.m2e.maven.runtime_3.8.701.20230209-1606\jars\plexus-sec-dispatcher-2.0.jar
2023-10-12 11:32:45,030 [Worker-75: Launching mavenrun-799051a0-b665-4ca9-8a57-5c8bc3416c59] INFO  o.eclipse.m2e.core.internal.Bundles - 	Entry: C:\Users\shivangib\Downloads\eclipse-jee-2023-03-R-win32-x86_64\eclipse\plugins\org.eclipse.m2e.maven.runtime_3.8.701.20230209-1606\jars\plexus-utils-3.3.1.jar
2023-10-12 11:32:45,030 [Worker-75: Launching mavenrun-799051a0-b665-4ca9-8a57-5c8bc3416c59] INFO  o.eclipse.m2e.core.internal.Bundles - 	Entry: C:\Users\shivangib\Downloads\eclipse-jee-2023-03-R-win32-x86_64\eclipse\plugins\org.eclipse.m2e.maven.runtime_3.8.701.20230209-1606\jars\wagon-file-3.5.3.jar
2023-10-12 11:32:45,030 [Worker-75: Launching mavenrun-799051a0-b665-4ca9-8a57-5c8bc3416c59] INFO  o.eclipse.m2e.core.internal.Bundles - 	Entry: C:\Users\shivangib\Downloads\eclipse-jee-2023-03-R-win32-x86_64\eclipse\plugins\org.eclipse.m2e.maven.runtime_3.8.701.20230209-1606\jars\wagon-provider-api-3.5.3.jar
2023-10-12 11:32:45,031 [Worker-75: Launching mavenrun-799051a0-b665-4ca9-8a57-5c8bc3416c59] INFO  o.eclipse.m2e.core.internal.Bundles - getClasspathEntries(Bundle=com.google.guava_31.1.0.jre [11])
2023-10-12 11:32:45,033 [Worker-75: Launching mavenrun-799051a0-b665-4ca9-8a57-5c8bc3416c59] INFO  o.eclipse.m2e.core.internal.Bundles - 	Entry: C:\Users\shivangib\Downloads\eclipse-jee-2023-03-R-win32-x86_64\eclipse\plugins\com.google.guava_31.1.0.jre.jar
2023-10-12 11:32:45,033 [Worker-75: Launching mavenrun-799051a0-b665-4ca9-8a57-5c8bc3416c59] INFO  o.eclipse.m2e.core.internal.Bundles - getClasspathEntries(Bundle=slf4j.api_1.7.36 [924])
2023-10-12 11:32:45,226 [Worker-75: Launching mavenrun-799051a0-b665-4ca9-8a57-5c8bc3416c59] INFO  o.eclipse.m2e.core.internal.Bundles - 	Entry: C:\Users\shivangib\Downloads\eclipse-jee-2023-03-R-win32-x86_64\eclipse\plugins\slf4j.api_1.7.36.jar
2023-10-12 11:32:45,227 [Worker-75: Launching mavenrun-799051a0-b665-4ca9-8a57-5c8bc3416c59] INFO  o.eclipse.m2e.core.internal.Bundles - getClasspathEntries(Bundle=javax.inject_1.0.0.v20220405-0441 [35])
2023-10-12 11:32:45,378 [Worker-75: Launching mavenrun-799051a0-b665-4ca9-8a57-5c8bc3416c59] INFO  o.eclipse.m2e.core.internal.Bundles - 	Entry: C:\Users\shivangib\Downloads\eclipse-jee-2023-03-R-win32-x86_64\eclipse\plugins\javax.inject_1.0.0.v20220405-0441.jar
2023-10-12 11:32:45,379 [Worker-75: Launching mavenrun-799051a0-b665-4ca9-8a57-5c8bc3416c59] INFO  o.eclipse.m2e.core.internal.Bundles - getClasspathEntries(Bundle=javax.annotation_1.3.5.v20221203-1659 [33])
2023-10-12 11:32:45,625 [Worker-75: Launching mavenrun-799051a0-b665-4ca9-8a57-5c8bc3416c59] INFO  o.eclipse.m2e.core.internal.Bundles - 	Entry: C:\Users\shivangib\Downloads\eclipse-jee-2023-03-R-win32-x86_64\eclipse\plugins\javax.annotation_1.3.5.v20221203-1659.jar
2023-10-12 11:32:45,626 [Worker-75: Launching mavenrun-799051a0-b665-4ca9-8a57-5c8bc3416c59] INFO  o.eclipse.m2e.core.internal.Bundles - getClasspathEntries(Bundle=org.apache.commons.cli_1.4.0.v20221112-0806 [67])
2023-10-12 11:32:45,627 [Worker-75: Launching mavenrun-799051a0-b665-4ca9-8a57-5c8bc3416c59] INFO  o.eclipse.m2e.core.internal.Bundles - 	Entry: C:\Users\shivangib\Downloads\eclipse-jee-2023-03-R-win32-x86_64\eclipse\plugins\org.apache.commons.cli_1.4.0.v20221112-0806.jar
2023-10-12 11:32:45,627 [Worker-75: Launching mavenrun-799051a0-b665-4ca9-8a57-5c8bc3416c59] INFO  o.eclipse.m2e.core.internal.Bundles - getClasspathEntries(Bundle=com.google.guava.failureaccess_1.0.1 [13])
2023-10-12 11:32:45,742 [Worker-75: Launching mavenrun-799051a0-b665-4ca9-8a57-5c8bc3416c59] INFO  o.eclipse.m2e.core.internal.Bundles - 	Entry: C:\Users\shivangib\Downloads\eclipse-jee-2023-03-R-win32-x86_64\eclipse\plugins\com.google.guava.failureaccess_1.0.1.jar
2023-10-12 11:32:45,747 [Worker-75: Launching mavenrun-799051a0-b665-4ca9-8a57-5c8bc3416c59] INFO  o.e.m.i.launch.MavenLaunchDelegate - Run build in "C:\Users\SHIVAN~1\AppData\Local\Temp\m2e-archetypeGenerator14704305783945723632":
2023-10-12 11:32:45,752 [Worker-75: Launching mavenrun-799051a0-b665-4ca9-8a57-5c8bc3416c59] INFO  o.e.m.i.launch.MavenLaunchDelegate -  mvn  -DarchetypeGroupId=de.bripkens -DarchetypeArtifactId=java-quickstart -DarchetypeVersion=0.2.0 -DgroupId=com.java -DartifactId=EjbHelloWorldClient -Dversion=0.0.1-SNAPSHOT -Dpackage=com.java.ejb -DoutputDirectory=D:\RMI -Dstyle.color=always -U archetype:generate
2023-10-12 11:33:01,511 [Worker-63: Creating java-quickstart] INFO  o.e.m.c.i.p.ProjectConfigurationManager - Collecting project info '/pom.xml' D:\RMI\EjbHelloWorldClient\pom.xml
2023-10-12 11:33:07,499 [Worker-63: Creating java-quickstart] INFO  o.e.m.c.i.l.LifecycleMappingFactory - Using org.eclipse.m2e.jdt.JarLifecycleMapping lifecycle mapping for MavenProject: com.java:EjbHelloWorldClient:0.0.1-SNAPSHOT @ D:\RMI\EjbHelloWorldClient\pom.xml.
2023-10-12 11:33:09,357 [Worker-63: Creating java-quickstart] INFO  o.e.m.j.i.AbstractJavaProjectConfigurator - Adding source folder /EjbHelloWorldClient/src/main/java
2023-10-12 11:33:09,373 [Worker-63: Creating java-quickstart] INFO  o.e.m.j.i.AbstractJavaProjectConfigurator - Adding source folder /EjbHelloWorldClient/src/test/java
2023-10-12 11:33:10,474 [Worker-63: Creating java-quickstart] INFO  o.e.m.c.i.p.ProjectConfigurationManager - Imported and configured 1 project(s) in 8 sec
2023-10-12 11:33:10,724 [Worker-75: Building] INFO  o.e.m.c.i.embedder.EclipseLogger - Using 'UTF-8' encoding to copy filtered resources.
2023-10-12 11:33:10,724 [Worker-75: Building] INFO  o.e.m.c.i.embedder.EclipseLogger - skip non existing resourceDirectory D:\RMI\EjbHelloWorldClient\src\main\resources
2023-10-12 11:33:10,727 [Worker-75: Building] INFO  o.e.m.c.i.embedder.EclipseLogger - Using 'UTF-8' encoding to copy filtered resources.
2023-10-12 11:33:10,727 [Worker-75: Building] INFO  o.e.m.c.i.embedder.EclipseLogger - skip non existing resourceDirectory D:\RMI\EjbHelloWorldClient\src\test\resources
2023-10-12 11:35:37,077 [Worker-77: Building] INFO  o.e.m.c.i.embedder.EclipseLogger - Using 'UTF-8' encoding to copy filtered resources.
2023-10-12 11:35:37,078 [Worker-77: Building] INFO  o.e.m.c.i.embedder.EclipseLogger - skip non existing resourceDirectory D:\RMI\EjbHelloWorldClient\src\main\resources
2023-10-12 11:35:37,081 [Worker-77: Building] INFO  o.e.m.c.i.embedder.EclipseLogger - Using 'UTF-8' encoding to copy filtered resources.
2023-10-12 11:35:37,081 [Worker-77: Building] INFO  o.e.m.c.i.embedder.EclipseLogger - skip non existing resourceDirectory D:\RMI\EjbHelloWorldClient\src\test\resources
2023-10-12 11:37:21,133 [Worker-84: Building] INFO  o.e.m.c.i.embedder.EclipseLogger - Using 'UTF-8' encoding to copy filtered resources.
2023-10-12 11:37:21,133 [Worker-84: Building] INFO  o.e.m.c.i.embedder.EclipseLogger - skip non existing resourceDirectory D:\RMI\EjbHelloWorldClient\src\main\resources
2023-10-12 11:37:21,136 [Worker-84: Building] INFO  o.e.m.c.i.embedder.EclipseLogger - Using 'UTF-8' encoding to copy filtered resources.
2023-10-12 11:37:21,136 [Worker-84: Building] INFO  o.e.m.c.i.embedder.EclipseLogger - skip non existing resourceDirectory D:\RMI\EjbHelloWorldClient\src\test\resources
2023-10-12 11:41:13,155 [Worker-86: Building] INFO  o.e.m.c.i.embedder.EclipseLogger - Using 'UTF-8' encoding to copy filtered resources.
2023-10-12 11:41:13,155 [Worker-86: Building] INFO  o.e.m.c.i.embedder.EclipseLogger - skip non existing resourceDirectory D:\RMI\EjbHelloWorldClient\src\main\resources
2023-10-12 11:41:13,156 [Worker-86: Building] INFO  o.e.m.c.i.embedder.EclipseLogger - Using 'UTF-8' encoding to copy filtered resources.
2023-10-12 11:41:13,156 [Worker-86: Building] INFO  o.e.m.c.i.embedder.EclipseLogger - skip non existing resourceDirectory D:\RMI\EjbHelloWorldClient\src\test\resources
2023-10-12 11:41:51,473 [Worker-88: Building] INFO  o.e.m.c.i.embedder.EclipseLogger - Using 'UTF-8' encoding to copy filtered resources.
2023-10-12 11:41:51,473 [Worker-88: Building] INFO  o.e.m.c.i.embedder.EclipseLogger - skip non existing resourceDirectory D:\RMI\EjbHelloWorldClient\src\main\resources
2023-10-12 11:41:51,476 [Worker-88: Building] INFO  o.e.m.c.i.embedder.EclipseLogger - Using 'UTF-8' encoding to copy filtered resources.
2023-10-12 11:41:51,476 [Worker-88: Building] INFO  o.e.m.c.i.embedder.EclipseLogger - skip non existing resourceDirectory D:\RMI\EjbHelloWorldClient\src\test\resources
2023-10-12 11:42:46,630 [Worker-86: Building] INFO  o.e.m.c.i.embedder.EclipseLogger - Using 'UTF-8' encoding to copy filtered resources.
2023-10-12 11:42:46,630 [Worker-86: Building] INFO  o.e.m.c.i.embedder.EclipseLogger - skip non existing resourceDirectory D:\RMI\EjbHelloWorldClient\src\main\resources
2023-10-12 11:42:46,631 [Worker-86: Building] INFO  o.e.m.c.i.embedder.EclipseLogger - Using 'UTF-8' encoding to copy filtered resources.
2023-10-12 11:42:46,632 [Worker-86: Building] INFO  o.e.m.c.i.embedder.EclipseLogger - skip non existing resourceDirectory D:\RMI\EjbHelloWorldClient\src\test\resources
2023-10-12 11:54:21,340 [Worker-18: Building] INFO  o.e.m.c.i.embedder.EclipseLogger - Using 'UTF-8' encoding to copy filtered resources.
2023-10-12 11:54:21,341 [Worker-18: Building] INFO  o.e.m.c.i.embedder.EclipseLogger - skip non existing resourceDirectory D:\RMI\EjbHelloWorldClient\src\main\resources
2023-10-12 11:54:21,344 [Worker-18: Building] INFO  o.e.m.c.i.embedder.EclipseLogger - Using 'UTF-8' encoding to copy filtered resources.
2023-10-12 11:54:21,344 [Worker-18: Building] INFO  o.e.m.c.i.embedder.EclipseLogger - skip non existing resourceDirectory D:\RMI\EjbHelloWorldClient\src\test\resources
2023-10-12 11:54:23,357 [Worker-7: Building] INFO  o.e.m.c.i.embedder.EclipseLogger - Using 'UTF-8' encoding to copy filtered resources.
2023-10-12 11:54:23,357 [Worker-7: Building] INFO  o.e.m.c.i.embedder.EclipseLogger - skip non existing resourceDirectory D:\RMI\EjbHelloWorldClient\src\main\resources
2023-10-12 11:54:23,360 [Worker-7: Building] INFO  o.e.m.c.i.embedder.EclipseLogger - Using 'UTF-8' encoding to copy filtered resources.
2023-10-12 11:54:23,360 [Worker-7: Building] INFO  o.e.m.c.i.embedder.EclipseLogger - skip non existing resourceDirectory D:\RMI\EjbHelloWorldClient\src\test\resources
2023-10-12 11:57:26,561 [Worker-23: Building] INFO  o.e.m.c.i.embedder.EclipseLogger - Using 'UTF-8' encoding to copy filtered resources.
2023-10-12 11:57:26,562 [Worker-23: Building] INFO  o.e.m.c.i.embedder.EclipseLogger - skip non existing resourceDirectory D:\RMI\EjbHelloWorldClient\src\main\resources
2023-10-12 11:57:26,564 [Worker-23: Building] INFO  o.e.m.c.i.embedder.EclipseLogger - Using 'UTF-8' encoding to copy filtered resources.
2023-10-12 11:57:26,564 [Worker-23: Building] INFO  o.e.m.c.i.embedder.EclipseLogger - skip non existing resourceDirectory D:\RMI\EjbHelloWorldClient\src\test\resources
2023-10-12 11:57:42,520 [Worker-25: Building] INFO  o.e.m.c.i.embedder.EclipseLogger - Using 'UTF-8' encoding to copy filtered resources.
2023-10-12 11:57:42,521 [Worker-25: Building] INFO  o.e.m.c.i.embedder.EclipseLogger - skip non existing resourceDirectory D:\RMI\EjbHelloWorldClient\src\main\resources
2023-10-12 11:57:42,523 [Worker-25: Building] INFO  o.e.m.c.i.embedder.EclipseLogger - Using 'UTF-8' encoding to copy filtered resources.
2023-10-12 11:57:42,523 [Worker-25: Building] INFO  o.e.m.c.i.embedder.EclipseLogger - skip non existing resourceDirectory D:\RMI\EjbHelloWorldClient\src\test\resources
2023-10-12 12:15:00,476 [Worker-23: Building] INFO  o.e.m.c.i.embedder.EclipseLogger - Using 'UTF-8' encoding to copy filtered resources.
2023-10-12 12:15:00,476 [Worker-23: Building] INFO  o.e.m.c.i.embedder.EclipseLogger - skip non existing resourceDirectory D:\RMI\EjbHelloWorldClient\src\main\resources
2023-10-12 12:15:00,478 [Worker-23: Building] INFO  o.e.m.c.i.embedder.EclipseLogger - Using 'UTF-8' encoding to copy filtered resources.
2023-10-12 12:15:00,479 [Worker-23: Building] INFO  o.e.m.c.i.embedder.EclipseLogger - skip non existing resourceDirectory D:\RMI\EjbHelloWorldClient\src\test\resources
